[2020-03-27 11:04:38.289] [DISPLAY] [Main ] [main] Command line: "C:\Program Files\Rockstar Games\Launcher\Launcher.exe" -skipPatcherCheck @args.txt
[2020-03-27 11:04:38.289] [DISPLAY] [Main ] [main] Working directory: C:\Program Files\Rockstar Games\Launcher
[2020-03-27 11:04:38.289] [DISPLAY] [Main ] [main] Build type: FMB
[2020-03-27 11:04:38.290] [DISPLAY] [Main ] [main] Version: 1.0.19.234
[2020-03-27 11:04:38.290] [DISPLAY] [Main ] [main] Parameters:
[2020-03-27 11:04:38.290] [DISPLAY] [Main ] [main]     C:\Program Files\Rockstar Games\Launcher\Launcher.exe
[2020-03-27 11:04:38.290] [DISPLAY] [Main ] [main]     -skipPatcherCheck
[2020-03-27 11:04:38.290] [DISPLAY] [Main ] [main]     @args.txt
[2020-03-27 11:04:38.300] [DISPLAY] [Main ] [minmode] Running in Steam mode
[2020-03-27 11:04:38.300] [DISPLAY] [Main ] [minmode] Steam App Id: 271590
[2020-03-27 11:04:38.300] [DISPLAY] [Main ] [minmode] Title Id: gta5
[2020-03-27 11:04:38.300] [DISPLAY] [Main ] [minmode] Location: C:\Program Files (x86)\Steam\steamapps\common\Grand Theft Auto V
[2020-03-27 11:04:38.301] [DISPLAY] [Main ] [launcher] Opening log file.
[2020-03-27 11:04:38.334] [WARNING] [Main ] [title] No default branch for title gta5
[2020-03-27 11:04:38.335] [WARNING] [Main ] [title] No default branch for title gtasa
[2020-03-27 11:04:38.335] [WARNING] [Main ] [title] No default branch for title rdr2
[2020-03-27 11:04:38.335] [WARNING] [Main ] [title] No default branch for title lanoire
[2020-03-27 11:04:38.335] [WARNING] [Main ] [title] No default branch for title mp3
[2020-03-27 11:04:38.335] [WARNING] [Main ] [title] No default branch for title bully
[2020-03-27 11:04:38.336] [WARNING] [Main ] [title] No default branch for title gtavc
[2020-03-27 11:04:38.336] [WARNING] [Main ] [title] No default branch for title gta3
[2020-03-27 11:04:38.336] [WARNING] [Main ] [title] No default branch for title gta4
[2020-03-27 11:04:38.336] [DISPLAY] [Main ] [titlemanager] Installation status:
[2020-03-27 11:04:38.337] [DISPLAY] [Main ] [titlemanager] - Title gtasa     : Not installed
[2020-03-27 11:04:38.337] [DISPLAY] [Main ] [titlemanager] - Title gta5      : Not installed
[2020-03-27 11:04:38.337] [DISPLAY] [Main ] [titlemanager] - Title rdr2      : Not installed
[2020-03-27 11:04:38.337] [DISPLAY] [Main ] [titlemanager] - Title lanoire   : Not installed
[2020-03-27 11:04:38.337] [DISPLAY] [Main ] [titlemanager] - Title bully     : Not installed
[2020-03-27 11:04:38.337] [DISPLAY] [Main ] [titlemanager] - Title mp3       : Not installed
[2020-03-27 11:04:38.337] [DISPLAY] [Main ] [titlemanager] - Title gtavc     : Not installed
[2020-03-27 11:04:38.338] [DISPLAY] [Main ] [titlemanager] - Title gta3      : Not installed
[2020-03-27 11:04:38.338] [DISPLAY] [Main ] [titlemanager] - Title gta4      : Not installed
[2020-03-27 11:04:38.338] [DISPLAY] [Main ] [titlemanager] - Title launcher  : Installed to: C:\Program Files\Rockstar Games\Launcher
[2020-03-27 11:04:38.419] [DISPLAY] [Main ] [fileutils] Version: 2.0.5.2 | 1.0.19.234 | FFP
[2020-03-27 11:04:38.446] [DISPLAY] [Workr] [selfupdate] Up-to-date.
[2020-03-27 11:04:38.667] [DISPLAY] [Workr] [idownloader] Starting download of 'https://gamedownloads-rockstargames-com.akamaized.net/public/launcher_online_config.xml'
[2020-03-27 11:04:39.657] [DISPLAY] [Workr] [idownloader] Completed download of 'https://gamedownloads-rockstargames-com.akamaized.net/public/launcher_online_config.xml' (status: 0/200)
[2020-03-27 11:04:39.658] [DISPLAY] [Workr] [titlemanager] Downloading title list...
[2020-03-27 11:04:39.681] [DISPLAY] [Workr] [idownloader] Starting download of 'https://gamedownloads-rockstargames-com.akamaized.net/public/title_metadata.json'
[2020-03-27 11:04:40.135] [DISPLAY] [Workr] [idownloader] Completed download of 'https://gamedownloads-rockstargames-com.akamaized.net/public/title_metadata.json' (status: 0/200)
[2020-03-27 11:04:40.142] [DISPLAY] [Workr] [titlemanager] Downloading default title list (SCS)...
[2020-03-27 11:04:40.142] [DISPLAY] [Workr] [idownloader] Starting download of 'https://rgl-prod.ros.rockstargames.com/launcher/11/LauncherServices/App.asmx/GetDefaultApps?accessToken='
[2020-03-27 11:04:42.383] [DISPLAY] [Workr] [idownloader] Completed download of 'https://rgl-prod.ros.rockstargames.com/launcher/11/LauncherServices/App.asmx/GetDefaultApps?accessToken=' (status: 0/200)
[2020-03-27 11:04:42.387] [DISPLAY] [Workr] [titlemanager] Retrieved default title: launcher
[2020-03-27 11:04:42.387] [DISPLAY] [Workr] [titlemanager] Title list updated.
[2020-03-27 11:04:42.388] [WARNING] [Workr] [title] No default branch for title gtasa
[2020-03-27 11:04:42.388] [WARNING] [Workr] [titlemanager] Title gtasa     : no branches!
[2020-03-27 11:04:42.389] [WARNING] [Workr] [title] No default branch for title gta5
[2020-03-27 11:04:42.389] [WARNING] [Workr] [titlemanager] Title gta5      : no branches!
[2020-03-27 11:04:42.390] [WARNING] [Workr] [title] No default branch for title rdr2
[2020-03-27 11:04:42.390] [WARNING] [Workr] [titlemanager] Title rdr2      : no branches!
[2020-03-27 11:04:42.391] [WARNING] [Workr] [title] No default branch for title lanoire
[2020-03-27 11:04:42.391] [WARNING] [Workr] [titlemanager] Title lanoire   : no branches!
[2020-03-27 11:04:42.392] [WARNING] [Workr] [title] No default branch for title bully
[2020-03-27 11:04:42.392] [WARNING] [Workr] [titlemanager] Title bully     : no branches!
[2020-03-27 11:04:42.393] [WARNING] [Workr] [title] No default branch for title mp3
[2020-03-27 11:04:42.394] [WARNING] [Workr] [titlemanager] Title mp3       : no branches!
[2020-03-27 11:04:42.394] [WARNING] [Workr] [title] No default branch for title gtavc
[2020-03-27 11:04:42.395] [WARNING] [Workr] [titlemanager] Title gtavc     : no branches!
[2020-03-27 11:04:42.395] [WARNING] [Workr] [title] No default branch for title gta3
[2020-03-27 11:04:42.396] [WARNING] [Workr] [titlemanager] Title gta3      : no branches!
[2020-03-27 11:04:42.396] [WARNING] [Workr] [title] No default branch for title gta4
[2020-03-27 11:04:42.397] [WARNING] [Workr] [titlemanager] Title gta4      : no branches!
[2020-03-27 11:04:42.397] [DISPLAY] [Workr] [titlemanager] Title launcher  : on branch "default"
[2020-03-27 11:04:42.398] [DISPLAY] [Workr] [launcher] Checking for self-update...
[2020-03-27 11:04:42.414] [DISPLAY] [Workr] [statuschecker] Title Rockstar Games Launcher: No update
[2020-03-27 11:04:42.422] [DISPLAY] [Workr] [launcher] No self-update, continuing.
[2020-03-27 11:04:42.422] [DISPLAY] [Workr] [launcher] Checking for prerequisite updates...
[2020-03-27 11:04:42.429] [DISPLAY] [Workr] [preqmanager] The Social Club version available matches that currently installed (both: 2.0.5.2)
[2020-03-27 11:04:42.429] [DISPLAY] [Workr] [titleupdater] No prerequisites to install.
[2020-03-27 11:04:42.478] [DISPLAY] [Main ] [gameslibrary] Could not get game library list from disk; assuming no game libraries exist yet.
[2020-03-27 11:04:44.558] [DISPLAY] [Main ] [scuimessage] Sending version info to Social Club UI
[2020-03-27 11:04:44.560] [DISPLAY] [Main ] [external] Notifying Social Club UI about external launch...
[2020-03-27 11:04:44.562] [DISPLAY] [Admin] [external] Setting up Steam title...
[2020-03-27 11:04:44.563] [DISPLAY] [Admin] [idownloader] Starting download of 'https://gamedownloads-rockstargames-com.akamaized.net/public/title_metadata.json'
[2020-03-27 11:04:45.133] [DISPLAY] [Admin] [idownloader] Completed download of 'https://gamedownloads-rockstargames-com.akamaized.net/public/title_metadata.json' (status: 0/200)
[2020-03-27 11:04:45.141] [DISPLAY] [Admin] [external] Ready to attempt a launch.
[2020-03-27 11:04:46.883] [WARNING] [ 8468] [diag] Unable to load DxDiag info from disk
[2020-03-27 11:04:51.204] [DISPLAY] [Main ] [launcher] Presence Event - Signed In
[2020-03-27 11:04:51.204] [DISPLAY] [Main ] [launcher] User 'DejayJeffry' is now signed in
[2020-03-27 11:04:51.208] [DISPLAY] [Main ] [launcher] Presence Event :: Went Online
[2020-03-27 11:04:51.210] [DISPLAY] [Main ] [launcher] Time to start up: 12928 ms
[2020-03-27 11:04:51.211] [DISPLAY] [Admin] [titlemanager] Downloading title list...
[2020-03-27 11:04:51.215] [DISPLAY] [Admin] [idownloader] Starting download of 'https://gamedownloads-rockstargames-com.akamaized.net/public/title_metadata.json'
[2020-03-27 11:04:51.215] [DISPLAY] [Main ] [ui_mainwindow] Using DPI 96,96
[2020-03-27 11:04:51.216] [DISPLAY] [Main ] [ui_mainwindow] Using UI Scale: 1.00
[2020-03-27 11:04:51.217] [DISPLAY] [Main ] [ui_mainwindow] Using saved geometry: 43,64 (1280 x 600)
[2020-03-27 11:04:51.250] [DISPLAY] [Main ] [systemtray] System tray: enabled
[2020-03-27 11:04:51.381] [DISPLAY] [Main ] [launcher] Friend Event - Friends are Available
[2020-03-27 11:04:51.729] [DISPLAY] [Main ] [external] Attempting external title launch...
[2020-03-27 11:04:52.116] [DISPLAY] [Admin] [idownloader] Completed download of 'https://gamedownloads-rockstargames-com.akamaized.net/public/title_metadata.json' (status: 0/200)
[2020-03-27 11:04:52.121] [DISPLAY] [Admin] [titlemanager] Downloading title list (SCS)...
[2020-03-27 11:04:54.800] [DISPLAY] [Admin] [titlemanager] Retrieved title: gta3
[2020-03-27 11:04:54.800] [DISPLAY] [Admin] [titlemanager] Retrieved title: gta4
[2020-03-27 11:04:54.800] [DISPLAY] [Admin] [titlemanager] Retrieved title: gta5
[2020-03-27 11:04:54.801] [DISPLAY] [Admin] [titlemanager] Retrieved title: lanoirevr
[2020-03-27 11:04:54.801] [DISPLAY] [Admin] [titlemanager] Retrieved title: gtavc
[2020-03-27 11:04:54.801] [DISPLAY] [Admin] [titlemanager] Retrieved title: mp3
[2020-03-27 11:04:54.802] [DISPLAY] [Admin] [titlemanager] Retrieved title: bully
[2020-03-27 11:04:54.802] [DISPLAY] [Admin] [titlemanager] Retrieved title: gtasa
[2020-03-27 11:04:54.802] [DISPLAY] [Admin] [titlemanager] Retrieved title: launcher
[2020-03-27 11:04:54.802] [DISPLAY] [Admin] [titlemanager] Retrieved title: rdr2
[2020-03-27 11:04:54.803] [DISPLAY] [Admin] [titlemanager] Retrieved title: lanoire
[2020-03-27 11:04:54.803] [DISPLAY] [Admin] [titlemanager] Title list updated.
[2020-03-27 11:04:54.803] [WARNING] [Admin] [title] No default branch for title gtasa
[2020-03-27 11:04:54.804] [WARNING] [Admin] [titlemanager] Title gtasa     : no branches!
[2020-03-27 11:04:54.804] [WARNING] [Admin] [title] No default branch for title gta5
[2020-03-27 11:04:54.804] [WARNING] [Admin] [titlemanager] Title gta5      : no branches!
[2020-03-27 11:04:54.804] [WARNING] [Admin] [title] No default branch for title rdr2
[2020-03-27 11:04:54.805] [WARNING] [Admin] [titlemanager] Title rdr2      : no branches!
[2020-03-27 11:04:54.805] [WARNING] [Admin] [title] No default branch for title lanoire
[2020-03-27 11:04:54.805] [WARNING] [Admin] [titlemanager] Title lanoire   : no branches!
[2020-03-27 11:04:54.805] [WARNING] [Admin] [title] No default branch for title bully
[2020-03-27 11:04:54.806] [WARNING] [Admin] [titlemanager] Title bully     : no branches!
[2020-03-27 11:04:54.806] [WARNING] [Admin] [title] No default branch for title mp3
[2020-03-27 11:04:54.806] [WARNING] [Admin] [titlemanager] Title mp3       : no branches!
[2020-03-27 11:04:54.806] [WARNING] [Admin] [title] No default branch for title gtavc
[2020-03-27 11:04:54.808] [WARNING] [Admin] [titlemanager] Title gtavc     : no branches!
[2020-03-27 11:04:54.808] [WARNING] [Admin] [title] No default branch for title gta3
[2020-03-27 11:04:54.808] [WARNING] [Admin] [titlemanager] Title gta3      : no branches!
[2020-03-27 11:04:54.809] [WARNING] [Admin] [title] No default branch for title gta4
[2020-03-27 11:04:54.809] [WARNING] [Admin] [titlemanager] Title gta4      : no branches!
[2020-03-27 11:04:54.809] [DISPLAY] [Admin] [titlemanager] Title launcher  : on branch "default"
[2020-03-27 11:04:54.813] [DISPLAY] [Admin] [external] Ready to attempt a launch.
[2020-03-27 11:04:54.814] [DISPLAY] [Admin] [external] Attempting Steam launch. User is 'Guntur'
[2020-03-27 11:04:59.948] [DISPLAY] [ 2284] [gamelaunch] Title has no minimum RGL version.
[2020-03-27 11:04:59.949] [DISPLAY] [ 2284] [gamelaunch] Title has no minimum RGL version.
[2020-03-27 11:05:04.425] [DISPLAY] [Main ] [cloudsaveop] Cloud Save sync requested for title 'gta5'
[2020-03-27 11:05:04.442] [DISPLAY] [Main ] [cloudsaveop] Starting cloud save enabled check for title 'gta5'
[2020-03-27 11:05:04.446] [DISPLAY] [Main ] [cloudsaveop] Received cloud saves enabled state for title 'gta5' = enabled
[2020-03-27 11:05:04.447] [DISPLAY] [Main ] [cloudsaveop] Identifying potential cloud save conflicts for title 'gta5'
[2020-03-27 11:05:06.557] [DISPLAY] [Main ] [cloudsaveop] Received modification list of cloud save files for title 'gta5'
[2020-03-27 11:05:06.558] [DISPLAY] [Main ] [cloudsaveop] Retrieving conflict metadata for title 'gta5'
[2020-03-27 11:05:06.574] [DISPLAY] [Main ] [cloudsaveop] Downloaded conflict metadata for title 'gta5'
[2020-03-27 11:05:06.575] [DISPLAY] [Main ] [cloudsaveop] Posting updated files for title 'gta5'
[2020-03-27 11:05:06.592] [DISPLAY] [Main ] [cloudsaveop] File uploading completed for title 'gta5'
[2020-03-27 11:05:06.592] [DISPLAY] [Main ] [cloudsaveop] Getting update files for title 'gta5'
[2020-03-27 11:05:06.609] [DISPLAY] [Main ] [cloudsaveop] File downloading completed for title 'gta5'
[2020-03-27 11:05:06.609] [DISPLAY] [Main ] [cloudsaveop] Deleting updated files for title 'gta5'
[2020-03-27 11:05:06.626] [DISPLAY] [Main ] [cloudsaveop] Files deletion completed for title 'gta5'
[2020-03-27 11:05:06.626] [DISPLAY] [Main ] [cloudsaveop] Swapping updated files in place for title 'gta5'
[2020-03-27 11:05:06.644] [DISPLAY] [Main ] [cloudsaveop] Finished syncing cloud saves for title 'gta5'
[2020-03-27 11:05:06.685] [DISPLAY] [ 8060] [audio] Valid Audio Device: true
[2020-03-27 11:05:09.209] [DISPLAY] [ 2284] [gamelaunch] Launching game...
[2020-03-27 11:05:09.209] [DISPLAY] [ 2284] [gamelaunch]  Path: C:\Program Files (x86)\Steam\steamapps\common\Grand Theft Auto V\GTA5.exe
[2020-03-27 11:05:09.209] [DISPLAY] [ 2284] [gamelaunch]  Command Line: "C:\Program Files (x86)\Steam\steamapps\common\Grand Theft Auto V\GTA5.exe" -skipPatcherCheck @args.txt @commandline.txt -useSteam
[2020-03-27 11:05:09.209] [DISPLAY] [ 2284] [gamelaunch]  Working Directory: C:\Program Files (x86)\Steam\steamapps\common\Grand Theft Auto V
[2020-03-27 11:07:51.306] [DISPLAY] [Main ] [sysinfo] Drive C:\ has 90126266368 bytes free, 240378703872 bytes total
[2020-03-27 11:07:51.306] [DISPLAY] [Main ] [sysinfo] Drive D:\ has 237805473792 bytes free, 239196958720 bytes total
[2020-03-27 11:07:51.306] [DISPLAY] [Main ] [sysinfo] OS Version: Major: 10 Minor: 0 Build: 10586 Service Pack: 
[2020-03-27 11:07:51.311] [DISPLAY] [Main ] [sysinfo] Drive C:\ has 90126266368 bytes free, 240378703872 bytes total
[2020-03-27 11:07:51.311] [DISPLAY] [Main ] [sysinfo] Drive D:\ has 237805473792 bytes free, 239196958720 bytes total
[2020-03-27 11:07:51.311] [DISPLAY] [Main ] [sysinfo] OS Version: Major: 10 Minor: 0 Build: 10586 Service Pack: 
[2020-03-27 12:04:39.691] [DISPLAY] [Admin] [idownloader] Starting download of 'https://gamedownloads-rockstargames-com.akamaized.net/public/launcher_online_config.xml'
[2020-03-27 12:04:40.632] [DISPLAY] [Admin] [idownloader] Completed download of 'https://gamedownloads-rockstargames-com.akamaized.net/public/launcher_online_config.xml' (status: 0/200)
[2020-03-27 13:04:40.645] [DISPLAY] [Admin] [idownloader] Starting download of 'https://gamedownloads-rockstargames-com.akamaized.net/public/launcher_online_config.xml'
[2020-03-27 13:04:41.698] [DISPLAY] [Admin] [idownloader] Completed download of 'https://gamedownloads-rockstargames-com.akamaized.net/public/launcher_online_config.xml' (status: 0/200)
[2020-03-27 14:04:41.761] [DISPLAY] [Admin] [idownloader] Starting download of 'https://gamedownloads-rockstargames-com.akamaized.net/public/launcher_online_config.xml'
[2020-03-27 14:04:42.579] [DISPLAY] [Admin] [idownloader] Completed download of 'https://gamedownloads-rockstargames-com.akamaized.net/public/launcher_online_config.xml' (status: 0/200)
[2020-03-27 15:04:42.644] [DISPLAY] [Admin] [idownloader] Starting download of 'https://gamedownloads-rockstargames-com.akamaized.net/public/launcher_online_config.xml'
[2020-03-27 15:04:43.953] [DISPLAY] [Admin] [idownloader] Completed download of 'https://gamedownloads-rockstargames-com.akamaized.net/public/launcher_online_config.xml' (status: 0/200)
[2020-03-27 15:19:06.981] [DISPLAY] [ 2284] [gamelaunch] Game exited with code 0x0 (0)
[2020-03-27 15:19:06.984] [DISPLAY] [ 2284] [crashdetection] Game left no exit file.
[2020-03-27 15:19:06.986] [DISPLAY] [ 2284] [crashdetection] Exit code 0x0 indicates a clean game shutdown
[2020-03-27 15:19:07.007] [DISPLAY] [Main ] [cloudsaveop] Cloud Save sync requested for title 'gta5'
[2020-03-27 15:19:07.024] [DISPLAY] [Main ] [cloudsaveop] Starting cloud save enabled check for title 'gta5'
[2020-03-27 15:19:07.032] [DISPLAY] [Main ] [cloudsaveop] Received cloud saves enabled state for title 'gta5' = enabled
[2020-03-27 15:19:07.033] [DISPLAY] [Main ] [cloudsaveop] Title access token was missing or expired, refreshing access for title 'gta5'
[2020-03-27 15:19:07.035] [DISPLAY] [Main ] [cloudsaveop] Retrieving access token for title 'gta5' (11)
[2020-03-27 15:19:09.188] [DISPLAY] [Main ] [cloudsaveop] Identifying potential cloud save conflicts for title 'gta5'
[2020-03-27 15:19:11.708] [DISPLAY] [Main ] [cloudsaveop] Received modification list of cloud save files for title 'gta5'
[2020-03-27 15:19:11.709] [DISPLAY] [Main ] [cloudsaveop] Retrieving conflict metadata for title 'gta5'
[2020-03-27 15:19:11.725] [DISPLAY] [Main ] [cloudsaveop] Downloaded conflict metadata for title 'gta5'
[2020-03-27 15:19:11.726] [DISPLAY] [Main ] [cloudsaveop] Posting updated files for title 'gta5'
[2020-03-27 15:19:11.743] [DISPLAY] [Main ] [cloudsaveop] File uploading completed for title 'gta5'
[2020-03-27 15:19:11.743] [DISPLAY] [Main ] [cloudsaveop] Getting update files for title 'gta5'
[2020-03-27 15:19:11.760] [DISPLAY] [Main ] [cloudsaveop] File downloading completed for title 'gta5'
[2020-03-27 15:19:11.760] [DISPLAY] [Main ] [cloudsaveop] Deleting updated files for title 'gta5'
[2020-03-27 15:19:11.777] [DISPLAY] [Main ] [cloudsaveop] Files deletion completed for title 'gta5'
[2020-03-27 15:19:11.777] [DISPLAY] [Main ] [cloudsaveop] Swapping updated files in place for title 'gta5'
[2020-03-27 15:19:11.795] [DISPLAY] [Main ] [cloudsaveop] Finished syncing cloud saves for title 'gta5'
[2020-03-27 15:19:14.153] [DISPLAY] [Main ] [launcher] StartShutdown - Now in progress
[2020-03-27 15:19:16.058] [DISPLAY] [Main ] [app] Application quit requested (exit code: 0)
[2020-03-27 15:19:16.318] [DISPLAY] [Main ] [launcher] Closing log file.
