[2020-03-27 22:25:08.834] [DISPLAY] [Main ] [main] Command line: "C:\Program Files\Rockstar Games\Launcher\Launcher.exe" -skipPatcherCheck @args.txt
[2020-03-27 22:25:08.835] [DISPLAY] [Main ] [main] Working directory: C:\Program Files\Rockstar Games\Launcher
[2020-03-27 22:25:08.835] [DISPLAY] [Main ] [main] Build type: FMB
[2020-03-27 22:25:08.836] [DISPLAY] [Main ] [main] Version: 1.0.19.234
[2020-03-27 22:25:08.836] [DISPLAY] [Main ] [main] Parameters:
[2020-03-27 22:25:08.836] [DISPLAY] [Main ] [main]     C:\Program Files\Rockstar Games\Launcher\Launcher.exe
[2020-03-27 22:25:08.836] [DISPLAY] [Main ] [main]     -skipPatcherCheck
[2020-03-27 22:25:08.836] [DISPLAY] [Main ] [main]     @args.txt
[2020-03-27 22:25:08.847] [DISPLAY] [Main ] [minmode] Running in Steam mode
[2020-03-27 22:25:08.847] [DISPLAY] [Main ] [minmode] Steam App Id: 271590
[2020-03-27 22:25:08.847] [DISPLAY] [Main ] [minmode] Title Id: gta5
[2020-03-27 22:25:08.847] [DISPLAY] [Main ] [minmode] Location: C:\Program Files (x86)\Steam\steamapps\common\Grand Theft Auto V
[2020-03-27 22:25:08.848] [DISPLAY] [Main ] [launcher] Opening log file.
[2020-03-27 22:25:08.905] [WARNING] [Main ] [title] No default branch for title gtasa
[2020-03-27 22:25:08.905] [WARNING] [Main ] [title] No default branch for title gta5
[2020-03-27 22:25:08.906] [WARNING] [Main ] [title] No default branch for title rdr2
[2020-03-27 22:25:08.906] [WARNING] [Main ] [title] No default branch for title lanoire
[2020-03-27 22:25:08.906] [WARNING] [Main ] [title] No default branch for title bully
[2020-03-27 22:25:08.907] [WARNING] [Main ] [title] No default branch for title mp3
[2020-03-27 22:25:08.907] [WARNING] [Main ] [title] No default branch for title gtavc
[2020-03-27 22:25:08.907] [WARNING] [Main ] [title] No default branch for title gta3
[2020-03-27 22:25:08.908] [WARNING] [Main ] [title] No default branch for title gta4
[2020-03-27 22:25:08.908] [DISPLAY] [Main ] [titlemanager] Installation status:
[2020-03-27 22:25:08.908] [DISPLAY] [Main ] [titlemanager] - Title gta5      : Not installed
[2020-03-27 22:25:08.908] [DISPLAY] [Main ] [titlemanager] - Title gtasa     : Not installed
[2020-03-27 22:25:08.909] [DISPLAY] [Main ] [titlemanager] - Title rdr2      : Not installed
[2020-03-27 22:25:08.909] [DISPLAY] [Main ] [titlemanager] - Title lanoire   : Not installed
[2020-03-27 22:25:08.909] [DISPLAY] [Main ] [titlemanager] - Title mp3       : Not installed
[2020-03-27 22:25:08.909] [DISPLAY] [Main ] [titlemanager] - Title bully     : Not installed
[2020-03-27 22:25:08.909] [DISPLAY] [Main ] [titlemanager] - Title gtavc     : Not installed
[2020-03-27 22:25:08.909] [DISPLAY] [Main ] [titlemanager] - Title gta3      : Not installed
[2020-03-27 22:25:08.910] [DISPLAY] [Main ] [titlemanager] - Title gta4      : Not installed
[2020-03-27 22:25:08.910] [DISPLAY] [Main ] [titlemanager] - Title launcher  : Installed to: C:\Program Files\Rockstar Games\Launcher
[2020-03-27 22:25:09.370] [DISPLAY] [Main ] [fileutils] Version: 2.0.5.2 | 1.0.19.234 | FFP
[2020-03-27 22:25:09.424] [DISPLAY] [Workr] [selfupdate] Up-to-date.
[2020-03-27 22:25:09.659] [DISPLAY] [Workr] [idownloader] Starting download of 'https://gamedownloads-rockstargames-com.akamaized.net/public/launcher_online_config.xml'
[2020-03-27 22:25:10.310] [DISPLAY] [Workr] [idownloader] Completed download of 'https://gamedownloads-rockstargames-com.akamaized.net/public/launcher_online_config.xml' (status: 0/200)
[2020-03-27 22:25:10.310] [DISPLAY] [Workr] [titlemanager] Downloading title list...
[2020-03-27 22:25:10.330] [DISPLAY] [Workr] [idownloader] Starting download of 'https://gamedownloads-rockstargames-com.akamaized.net/public/title_metadata.json'
[2020-03-27 22:25:10.858] [DISPLAY] [Workr] [idownloader] Completed download of 'https://gamedownloads-rockstargames-com.akamaized.net/public/title_metadata.json' (status: 0/200)
[2020-03-27 22:25:10.865] [DISPLAY] [Workr] [titlemanager] Downloading default title list (SCS)...
[2020-03-27 22:25:10.865] [DISPLAY] [Workr] [idownloader] Starting download of 'https://rgl-prod.ros.rockstargames.com/launcher/11/LauncherServices/App.asmx/GetDefaultApps?accessToken='
[2020-03-27 22:25:12.996] [DISPLAY] [Workr] [idownloader] Completed download of 'https://rgl-prod.ros.rockstargames.com/launcher/11/LauncherServices/App.asmx/GetDefaultApps?accessToken=' (status: 0/200)
[2020-03-27 22:25:12.997] [DISPLAY] [Workr] [titlemanager] Retrieved default title: launcher
[2020-03-27 22:25:12.998] [DISPLAY] [Workr] [titlemanager] Title list updated.
[2020-03-27 22:25:12.998] [WARNING] [Workr] [title] No default branch for title gta5
[2020-03-27 22:25:12.998] [WARNING] [Workr] [titlemanager] Title gta5      : no branches!
[2020-03-27 22:25:12.998] [WARNING] [Workr] [title] No default branch for title gtasa
[2020-03-27 22:25:12.999] [WARNING] [Workr] [titlemanager] Title gtasa     : no branches!
[2020-03-27 22:25:12.999] [WARNING] [Workr] [title] No default branch for title rdr2
[2020-03-27 22:25:12.999] [WARNING] [Workr] [titlemanager] Title rdr2      : no branches!
[2020-03-27 22:25:12.999] [WARNING] [Workr] [title] No default branch for title lanoire
[2020-03-27 22:25:12.999] [WARNING] [Workr] [titlemanager] Title lanoire   : no branches!
[2020-03-27 22:25:13.000] [WARNING] [Workr] [title] No default branch for title mp3
[2020-03-27 22:25:13.000] [WARNING] [Workr] [titlemanager] Title mp3       : no branches!
[2020-03-27 22:25:13.000] [WARNING] [Workr] [title] No default branch for title bully
[2020-03-27 22:25:13.000] [WARNING] [Workr] [titlemanager] Title bully     : no branches!
[2020-03-27 22:25:13.000] [WARNING] [Workr] [title] No default branch for title gtavc
[2020-03-27 22:25:13.000] [WARNING] [Workr] [titlemanager] Title gtavc     : no branches!
[2020-03-27 22:25:13.000] [WARNING] [Workr] [title] No default branch for title gta3
[2020-03-27 22:25:13.001] [WARNING] [Workr] [titlemanager] Title gta3      : no branches!
[2020-03-27 22:25:13.001] [WARNING] [Workr] [title] No default branch for title gta4
[2020-03-27 22:25:13.001] [WARNING] [Workr] [titlemanager] Title gta4      : no branches!
[2020-03-27 22:25:13.001] [DISPLAY] [Workr] [titlemanager] Title launcher  : on branch "default"
[2020-03-27 22:25:13.001] [DISPLAY] [Workr] [launcher] Checking for self-update...
[2020-03-27 22:25:13.002] [DISPLAY] [Workr] [statuschecker] Title Rockstar Games Launcher: No update
[2020-03-27 22:25:13.008] [DISPLAY] [Workr] [launcher] No self-update, continuing.
[2020-03-27 22:25:13.008] [DISPLAY] [Workr] [launcher] Checking for prerequisite updates...
[2020-03-27 22:25:13.014] [DISPLAY] [Workr] [preqmanager] The Social Club version available matches that currently installed (both: 2.0.5.2)
[2020-03-27 22:25:13.014] [DISPLAY] [Workr] [titleupdater] No prerequisites to install.
[2020-03-27 22:25:13.234] [DISPLAY] [Main ] [gameslibrary] Could not get game library list from disk; assuming no game libraries exist yet.
[2020-03-27 22:25:16.256] [DISPLAY] [Main ] [scuimessage] Sending version info to Social Club UI
[2020-03-27 22:25:16.259] [DISPLAY] [Main ] [external] Notifying Social Club UI about external launch...
[2020-03-27 22:25:16.290] [DISPLAY] [Admin] [external] Setting up Steam title...
[2020-03-27 22:25:16.296] [DISPLAY] [Admin] [idownloader] Starting download of 'https://gamedownloads-rockstargames-com.akamaized.net/public/title_metadata.json'
[2020-03-27 22:25:16.783] [DISPLAY] [Admin] [idownloader] Completed download of 'https://gamedownloads-rockstargames-com.akamaized.net/public/title_metadata.json' (status: 0/200)
[2020-03-27 22:25:16.790] [DISPLAY] [Admin] [external] Ready to attempt a launch.
[2020-03-27 22:25:19.508] [WARNING] [ 8204] [diag] Unable to load DxDiag info from disk
[2020-03-27 22:25:23.307] [DISPLAY] [Main ] [launcher] Presence Event - Signed In
[2020-03-27 22:25:23.307] [DISPLAY] [Main ] [launcher] User 'DejayJeffry' is now signed in
[2020-03-27 22:25:23.311] [DISPLAY] [Main ] [launcher] Presence Event :: Went Online
[2020-03-27 22:25:23.313] [DISPLAY] [Main ] [launcher] Time to start up: 14487 ms
[2020-03-27 22:25:23.313] [DISPLAY] [Admin] [titlemanager] Downloading title list...
[2020-03-27 22:25:23.315] [DISPLAY] [Admin] [idownloader] Starting download of 'https://gamedownloads-rockstargames-com.akamaized.net/public/title_metadata.json'
[2020-03-27 22:25:23.317] [DISPLAY] [Main ] [ui_mainwindow] Using DPI 96,96
[2020-03-27 22:25:23.317] [DISPLAY] [Main ] [ui_mainwindow] Using UI Scale: 1.00
[2020-03-27 22:25:23.318] [DISPLAY] [Main ] [ui_mainwindow] Using saved geometry: 43,64 (1280 x 600)
[2020-03-27 22:25:23.352] [DISPLAY] [Main ] [systemtray] System tray: enabled
[2020-03-27 22:25:23.458] [DISPLAY] [Main ] [launcher] Friend Event - Friends are Available
[2020-03-27 22:25:23.840] [DISPLAY] [Main ] [external] Attempting external title launch...
[2020-03-27 22:25:24.301] [DISPLAY] [Admin] [idownloader] Completed download of 'https://gamedownloads-rockstargames-com.akamaized.net/public/title_metadata.json' (status: 0/200)
[2020-03-27 22:25:24.318] [DISPLAY] [Admin] [titlemanager] Downloading title list (SCS)...
[2020-03-27 22:25:27.074] [DISPLAY] [Admin] [titlemanager] Retrieved title: gta3
[2020-03-27 22:25:27.075] [DISPLAY] [Admin] [titlemanager] Retrieved title: gta4
[2020-03-27 22:25:27.075] [DISPLAY] [Admin] [titlemanager] Retrieved title: gta5
[2020-03-27 22:25:27.076] [DISPLAY] [Admin] [titlemanager] Retrieved title: lanoirevr
[2020-03-27 22:25:27.077] [DISPLAY] [Admin] [titlemanager] Retrieved title: gtavc
[2020-03-27 22:25:27.078] [DISPLAY] [Admin] [titlemanager] Retrieved title: mp3
[2020-03-27 22:25:27.078] [DISPLAY] [Admin] [titlemanager] Retrieved title: bully
[2020-03-27 22:25:27.079] [DISPLAY] [Admin] [titlemanager] Retrieved title: gtasa
[2020-03-27 22:25:27.080] [DISPLAY] [Admin] [titlemanager] Retrieved title: launcher
[2020-03-27 22:25:27.081] [DISPLAY] [Admin] [titlemanager] Retrieved title: rdr2
[2020-03-27 22:25:27.082] [DISPLAY] [Admin] [titlemanager] Retrieved title: lanoire
[2020-03-27 22:25:27.083] [DISPLAY] [Admin] [titlemanager] Title list updated.
[2020-03-27 22:25:27.083] [WARNING] [Admin] [title] No default branch for title gta5
[2020-03-27 22:25:27.084] [WARNING] [Admin] [titlemanager] Title gta5      : no branches!
[2020-03-27 22:25:27.084] [WARNING] [Admin] [title] No default branch for title gtasa
[2020-03-27 22:25:27.085] [WARNING] [Admin] [titlemanager] Title gtasa     : no branches!
[2020-03-27 22:25:27.085] [WARNING] [Admin] [title] No default branch for title rdr2
[2020-03-27 22:25:27.086] [WARNING] [Admin] [titlemanager] Title rdr2      : no branches!
[2020-03-27 22:25:27.086] [WARNING] [Admin] [title] No default branch for title lanoire
[2020-03-27 22:25:27.087] [WARNING] [Admin] [titlemanager] Title lanoire   : no branches!
[2020-03-27 22:25:27.087] [WARNING] [Admin] [title] No default branch for title mp3
[2020-03-27 22:25:27.088] [WARNING] [Admin] [titlemanager] Title mp3       : no branches!
[2020-03-27 22:25:27.088] [WARNING] [Admin] [title] No default branch for title bully
[2020-03-27 22:25:27.089] [WARNING] [Admin] [titlemanager] Title bully     : no branches!
[2020-03-27 22:25:27.089] [WARNING] [Admin] [title] No default branch for title gtavc
[2020-03-27 22:25:27.090] [WARNING] [Admin] [titlemanager] Title gtavc     : no branches!
[2020-03-27 22:25:27.090] [WARNING] [Admin] [title] No default branch for title gta3
[2020-03-27 22:25:27.090] [WARNING] [Admin] [titlemanager] Title gta3      : no branches!
[2020-03-27 22:25:27.091] [WARNING] [Admin] [title] No default branch for title gta4
[2020-03-27 22:25:27.091] [WARNING] [Admin] [titlemanager] Title gta4      : no branches!
[2020-03-27 22:25:27.092] [DISPLAY] [Admin] [titlemanager] Title launcher  : on branch "default"
[2020-03-27 22:25:27.100] [DISPLAY] [Admin] [external] Ready to attempt a launch.
[2020-03-27 22:25:27.100] [DISPLAY] [Admin] [external] Attempting Steam launch. User is 'Guntur'
[2020-03-27 22:25:33.029] [DISPLAY] [ 8328] [gamelaunch] Title has no minimum RGL version.
[2020-03-27 22:25:33.029] [DISPLAY] [ 8328] [gamelaunch] Title has no minimum RGL version.
[2020-03-27 22:25:36.152] [DISPLAY] [Main ] [cloudsaveop] Cloud Save sync requested for title 'gta5'
[2020-03-27 22:25:36.169] [DISPLAY] [Main ] [cloudsaveop] Starting cloud save enabled check for title 'gta5'
[2020-03-27 22:25:36.177] [DISPLAY] [Main ] [cloudsaveop] Received cloud saves enabled state for title 'gta5' = enabled
[2020-03-27 22:25:36.177] [DISPLAY] [Main ] [cloudsaveop] Identifying potential cloud save conflicts for title 'gta5'
[2020-03-27 22:25:38.412] [DISPLAY] [Main ] [cloudsaveop] Received modification list of cloud save files for title 'gta5'
[2020-03-27 22:25:38.413] [DISPLAY] [Main ] [cloudsaveop] Retrieving conflict metadata for title 'gta5'
[2020-03-27 22:25:38.429] [DISPLAY] [Main ] [cloudsaveop] Downloaded conflict metadata for title 'gta5'
[2020-03-27 22:25:38.429] [DISPLAY] [Main ] [cloudsaveop] Posting updated files for title 'gta5'
[2020-03-27 22:25:38.446] [DISPLAY] [Main ] [cloudsaveop] File uploading completed for title 'gta5'
[2020-03-27 22:25:38.446] [DISPLAY] [Main ] [cloudsaveop] Getting update files for title 'gta5'
[2020-03-27 22:25:38.464] [DISPLAY] [Main ] [cloudsaveop] File downloading completed for title 'gta5'
[2020-03-27 22:25:38.464] [DISPLAY] [Main ] [cloudsaveop] Deleting updated files for title 'gta5'
[2020-03-27 22:25:38.481] [DISPLAY] [Main ] [cloudsaveop] Files deletion completed for title 'gta5'
[2020-03-27 22:25:38.481] [DISPLAY] [Main ] [cloudsaveop] Swapping updated files in place for title 'gta5'
[2020-03-27 22:25:38.499] [DISPLAY] [Main ] [cloudsaveop] Finished syncing cloud saves for title 'gta5'
[2020-03-27 22:25:38.534] [DISPLAY] [ 5684] [audio] Valid Audio Device: true
[2020-03-27 22:25:41.050] [DISPLAY] [ 8328] [gamelaunch] Launching game...
[2020-03-27 22:25:41.050] [DISPLAY] [ 8328] [gamelaunch]  Path: C:\Program Files (x86)\Steam\steamapps\common\Grand Theft Auto V\GTA5.exe
[2020-03-27 22:25:41.051] [DISPLAY] [ 8328] [gamelaunch]  Command Line: "C:\Program Files (x86)\Steam\steamapps\common\Grand Theft Auto V\GTA5.exe" -skipPatcherCheck @args.txt @commandline.txt -useSteam
[2020-03-27 22:25:41.051] [DISPLAY] [ 8328] [gamelaunch]  Working Directory: C:\Program Files (x86)\Steam\steamapps\common\Grand Theft Auto V
[2020-03-27 23:25:10.411] [DISPLAY] [Admin] [idownloader] Starting download of 'https://gamedownloads-rockstargames-com.akamaized.net/public/launcher_online_config.xml'
[2020-03-27 23:25:12.079] [DISPLAY] [Admin] [idownloader] Completed download of 'https://gamedownloads-rockstargames-com.akamaized.net/public/launcher_online_config.xml' (status: 0/200)
