[2020-04-07 11:31:22.946] [DISPLAY] [Main ] [main] Command line: "C:\Program Files\Rockstar Games\Launcher\Launcher.exe" -skipPatcherCheck -steamAppId=271590 @args.txt
[2020-04-07 11:31:22.947] [DISPLAY] [Main ] [main] Working directory: C:\Program Files\Rockstar Games\Launcher
[2020-04-07 11:31:22.947] [DISPLAY] [Main ] [main] Build type: FMB
[2020-04-07 11:31:22.949] [DISPLAY] [Main ] [main] Version: 1.0.19.234
[2020-04-07 11:31:22.950] [DISPLAY] [Main ] [main] Parameters:
[2020-04-07 11:31:22.950] [DISPLAY] [Main ] [main]     C:\Program Files\Rockstar Games\Launcher\Launcher.exe
[2020-04-07 11:31:22.950] [DISPLAY] [Main ] [main]     -skipPatcherCheck
[2020-04-07 11:31:22.951] [DISPLAY] [Main ] [main]     -steamAppId=271590
[2020-04-07 11:31:22.951] [DISPLAY] [Main ] [main]     @args.txt
[2020-04-07 11:31:22.969] [DISPLAY] [Main ] [minmode] Running in Steam mode
[2020-04-07 11:31:22.969] [DISPLAY] [Main ] [minmode] Steam App Id: 271590
[2020-04-07 11:31:22.970] [DISPLAY] [Main ] [minmode] Title Id: gta5
[2020-04-07 11:31:22.970] [DISPLAY] [Main ] [minmode] Location: C:\Program Files (x86)\Steam\steamapps\common\Grand Theft Auto V
[2020-04-07 11:31:22.971] [DISPLAY] [Main ] [launcher] Opening log file.
[2020-04-07 11:31:23.038] [WARNING] [Main ] [title] No default branch for title gtasa
[2020-04-07 11:31:23.038] [WARNING] [Main ] [title] No default branch for title gta5
[2020-04-07 11:31:23.038] [WARNING] [Main ] [title] No default branch for title rdr2
[2020-04-07 11:31:23.038] [WARNING] [Main ] [title] No default branch for title lanoire
[2020-04-07 11:31:23.039] [WARNING] [Main ] [title] No default branch for title bully
[2020-04-07 11:31:23.039] [WARNING] [Main ] [title] No default branch for title mp3
[2020-04-07 11:31:23.039] [WARNING] [Main ] [title] No default branch for title gtavc
[2020-04-07 11:31:23.039] [WARNING] [Main ] [title] No default branch for title gta3
[2020-04-07 11:31:23.040] [WARNING] [Main ] [title] No default branch for title gta4
[2020-04-07 11:31:23.040] [DISPLAY] [Main ] [titlemanager] Installation status:
[2020-04-07 11:31:23.040] [DISPLAY] [Main ] [titlemanager] - Title gta5      : Not installed
[2020-04-07 11:31:23.041] [DISPLAY] [Main ] [titlemanager] - Title gtasa     : Not installed
[2020-04-07 11:31:23.041] [DISPLAY] [Main ] [titlemanager] - Title rdr2      : Not installed
[2020-04-07 11:31:23.041] [DISPLAY] [Main ] [titlemanager] - Title lanoire   : Not installed
[2020-04-07 11:31:23.041] [DISPLAY] [Main ] [titlemanager] - Title mp3       : Not installed
[2020-04-07 11:31:23.041] [DISPLAY] [Main ] [titlemanager] - Title bully     : Not installed
[2020-04-07 11:31:23.042] [DISPLAY] [Main ] [titlemanager] - Title gtavc     : Not installed
[2020-04-07 11:31:23.042] [DISPLAY] [Main ] [titlemanager] - Title gta3      : Not installed
[2020-04-07 11:31:23.042] [DISPLAY] [Main ] [titlemanager] - Title gta4      : Not installed
[2020-04-07 11:31:23.042] [DISPLAY] [Main ] [titlemanager] - Title launcher  : Installed to: C:\Program Files\Rockstar Games\Launcher
[2020-04-07 11:31:24.143] [DISPLAY] [Main ] [fileutils] Version: 2.0.5.2 | 1.0.19.234 | FFP
[2020-04-07 11:31:24.249] [DISPLAY] [Workr] [selfupdate] Up-to-date.
[2020-04-07 11:31:24.428] [DISPLAY] [Workr] [idownloader] Starting download of 'https://gamedownloads-rockstargames-com.akamaized.net/public/launcher_online_config.xml'
[2020-04-07 11:31:24.726] [DISPLAY] [Workr] [idownloader] Completed download of 'https://gamedownloads-rockstargames-com.akamaized.net/public/launcher_online_config.xml' (status: 0/200)
[2020-04-07 11:31:24.726] [DISPLAY] [Workr] [titlemanager] Downloading title list...
[2020-04-07 11:31:24.740] [DISPLAY] [Workr] [idownloader] Starting download of 'https://gamedownloads-rockstargames-com.akamaized.net/public/title_metadata.json'
[2020-04-07 11:31:25.302] [DISPLAY] [Workr] [idownloader] Completed download of 'https://gamedownloads-rockstargames-com.akamaized.net/public/title_metadata.json' (status: 0/200)
[2020-04-07 11:31:25.309] [DISPLAY] [Workr] [titlemanager] Downloading default title list (SCS)...
[2020-04-07 11:31:25.309] [DISPLAY] [Workr] [idownloader] Starting download of 'https://rgl-prod.ros.rockstargames.com/launcher/11/LauncherServices/App.asmx/GetDefaultApps?accessToken='
[2020-04-07 11:31:27.421] [DISPLAY] [Workr] [idownloader] Completed download of 'https://rgl-prod.ros.rockstargames.com/launcher/11/LauncherServices/App.asmx/GetDefaultApps?accessToken=' (status: 0/200)
[2020-04-07 11:31:27.424] [DISPLAY] [Workr] [titlemanager] Retrieved default title: launcher
[2020-04-07 11:31:27.424] [DISPLAY] [Workr] [titlemanager] Title list updated.
[2020-04-07 11:31:27.425] [WARNING] [Workr] [title] No default branch for title gta5
[2020-04-07 11:31:27.425] [WARNING] [Workr] [titlemanager] Title gta5      : no branches!
[2020-04-07 11:31:27.426] [WARNING] [Workr] [title] No default branch for title gtasa
[2020-04-07 11:31:27.426] [WARNING] [Workr] [titlemanager] Title gtasa     : no branches!
[2020-04-07 11:31:27.427] [WARNING] [Workr] [title] No default branch for title rdr2
[2020-04-07 11:31:27.427] [WARNING] [Workr] [titlemanager] Title rdr2      : no branches!
[2020-04-07 11:31:27.428] [WARNING] [Workr] [title] No default branch for title lanoire
[2020-04-07 11:31:27.428] [WARNING] [Workr] [titlemanager] Title lanoire   : no branches!
[2020-04-07 11:31:27.429] [WARNING] [Workr] [title] No default branch for title mp3
[2020-04-07 11:31:27.429] [WARNING] [Workr] [titlemanager] Title mp3       : no branches!
[2020-04-07 11:31:27.429] [WARNING] [Workr] [title] No default branch for title bully
[2020-04-07 11:31:27.430] [WARNING] [Workr] [titlemanager] Title bully     : no branches!
[2020-04-07 11:31:27.431] [WARNING] [Workr] [title] No default branch for title gtavc
[2020-04-07 11:31:27.431] [WARNING] [Workr] [titlemanager] Title gtavc     : no branches!
[2020-04-07 11:31:27.432] [WARNING] [Workr] [title] No default branch for title gta3
[2020-04-07 11:31:27.432] [WARNING] [Workr] [titlemanager] Title gta3      : no branches!
[2020-04-07 11:31:27.433] [WARNING] [Workr] [title] No default branch for title gta4
[2020-04-07 11:31:27.433] [WARNING] [Workr] [titlemanager] Title gta4      : no branches!
[2020-04-07 11:31:27.434] [DISPLAY] [Workr] [titlemanager] Title launcher  : on branch "default"
[2020-04-07 11:31:27.434] [DISPLAY] [Workr] [launcher] Checking for self-update...
[2020-04-07 11:31:27.459] [DISPLAY] [Workr] [statuschecker] Title Rockstar Games Launcher: No update
[2020-04-07 11:31:27.466] [DISPLAY] [Workr] [launcher] No self-update, continuing.
[2020-04-07 11:31:27.466] [DISPLAY] [Workr] [launcher] Checking for prerequisite updates...
[2020-04-07 11:31:27.472] [DISPLAY] [Workr] [preqmanager] The Social Club version available matches that currently installed (both: 2.0.5.2)
[2020-04-07 11:31:27.472] [DISPLAY] [Workr] [titleupdater] No prerequisites to install.
[2020-04-07 11:31:27.914] [DISPLAY] [Main ] [gameslibrary] Could not get game library list from disk; assuming no game libraries exist yet.
[2020-04-07 11:31:31.711] [DISPLAY] [Main ] [scuimessage] Sending version info to Social Club UI
[2020-04-07 11:31:31.713] [DISPLAY] [Main ] [external] Notifying Social Club UI about external launch...
[2020-04-07 11:31:31.720] [DISPLAY] [Admin] [external] Setting up Steam title...
[2020-04-07 11:31:31.728] [DISPLAY] [Admin] [idownloader] Starting download of 'https://gamedownloads-rockstargames-com.akamaized.net/public/title_metadata.json'
[2020-04-07 11:31:32.408] [DISPLAY] [Admin] [idownloader] Completed download of 'https://gamedownloads-rockstargames-com.akamaized.net/public/title_metadata.json' (status: 0/200)
[2020-04-07 11:31:32.417] [DISPLAY] [Admin] [external] Ready to attempt a launch.
[2020-04-07 11:31:34.338] [WARNING] [ 6028] [diag] Unable to load DxDiag info from disk
[2020-04-07 11:31:39.114] [DISPLAY] [Main ] [launcher] Presence Event - Signed In
[2020-04-07 11:31:39.115] [DISPLAY] [Main ] [launcher] User 'DejayJeffry' is now signed in
[2020-04-07 11:31:39.121] [DISPLAY] [Main ] [launcher] Presence Event :: Went Online
[2020-04-07 11:31:39.122] [DISPLAY] [Admin] [titlemanager] Downloading title list...
[2020-04-07 11:31:39.123] [DISPLAY] [Main ] [launcher] Time to start up: 16192 ms
[2020-04-07 11:31:39.128] [DISPLAY] [Admin] [idownloader] Starting download of 'https://gamedownloads-rockstargames-com.akamaized.net/public/title_metadata.json'
[2020-04-07 11:31:39.129] [DISPLAY] [Main ] [ui_mainwindow] Using DPI 96,96
[2020-04-07 11:31:39.129] [DISPLAY] [Main ] [ui_mainwindow] Using UI Scale: 1.00
[2020-04-07 11:31:39.132] [DISPLAY] [Main ] [ui_mainwindow] Using saved geometry: 43,64 (1280 x 600)
[2020-04-07 11:31:39.161] [DISPLAY] [Main ] [systemtray] System tray: enabled
[2020-04-07 11:31:39.281] [DISPLAY] [Main ] [launcher] Friend Event - Friends are Available
[2020-04-07 11:31:39.458] [DISPLAY] [Admin] [idownloader] Completed download of 'https://gamedownloads-rockstargames-com.akamaized.net/public/title_metadata.json' (status: 0/200)
[2020-04-07 11:31:39.477] [DISPLAY] [Admin] [titlemanager] Downloading title list (SCS)...
[2020-04-07 11:31:39.657] [DISPLAY] [Main ] [external] Attempting external title launch...
[2020-04-07 11:31:41.476] [DISPLAY] [Admin] [titlemanager] Retrieved title: gta3
[2020-04-07 11:31:41.476] [DISPLAY] [Admin] [titlemanager] Retrieved title: gta4
[2020-04-07 11:31:41.477] [DISPLAY] [Admin] [titlemanager] Retrieved title: gta5
[2020-04-07 11:31:41.477] [DISPLAY] [Admin] [titlemanager] Retrieved title: lanoirevr
[2020-04-07 11:31:41.478] [DISPLAY] [Admin] [titlemanager] Retrieved title: gtavc
[2020-04-07 11:31:41.478] [DISPLAY] [Admin] [titlemanager] Retrieved title: mp3
[2020-04-07 11:31:41.479] [DISPLAY] [Admin] [titlemanager] Retrieved title: bully
[2020-04-07 11:31:41.479] [DISPLAY] [Admin] [titlemanager] Retrieved title: gtasa
[2020-04-07 11:31:41.480] [DISPLAY] [Admin] [titlemanager] Retrieved title: launcher
[2020-04-07 11:31:41.480] [DISPLAY] [Admin] [titlemanager] Retrieved title: rdr2
[2020-04-07 11:31:41.481] [DISPLAY] [Admin] [titlemanager] Retrieved title: lanoire
[2020-04-07 11:31:41.482] [DISPLAY] [Admin] [titlemanager] Title list updated.
[2020-04-07 11:31:41.483] [WARNING] [Admin] [title] No default branch for title gta5
[2020-04-07 11:31:41.484] [WARNING] [Admin] [titlemanager] Title gta5      : no branches!
[2020-04-07 11:31:41.484] [WARNING] [Admin] [title] No default branch for title gtasa
[2020-04-07 11:31:41.485] [WARNING] [Admin] [titlemanager] Title gtasa     : no branches!
[2020-04-07 11:31:41.485] [WARNING] [Admin] [title] No default branch for title rdr2
[2020-04-07 11:31:41.486] [WARNING] [Admin] [titlemanager] Title rdr2      : no branches!
[2020-04-07 11:31:41.487] [WARNING] [Admin] [title] No default branch for title lanoire
[2020-04-07 11:31:41.488] [WARNING] [Admin] [titlemanager] Title lanoire   : no branches!
[2020-04-07 11:31:41.488] [WARNING] [Admin] [title] No default branch for title mp3
[2020-04-07 11:31:41.489] [WARNING] [Admin] [titlemanager] Title mp3       : no branches!
[2020-04-07 11:31:41.489] [WARNING] [Admin] [title] No default branch for title bully
[2020-04-07 11:31:41.490] [WARNING] [Admin] [titlemanager] Title bully     : no branches!
[2020-04-07 11:31:41.490] [WARNING] [Admin] [title] No default branch for title gtavc
[2020-04-07 11:31:41.491] [WARNING] [Admin] [titlemanager] Title gtavc     : no branches!
[2020-04-07 11:31:41.491] [WARNING] [Admin] [title] No default branch for title gta3
[2020-04-07 11:31:41.492] [WARNING] [Admin] [titlemanager] Title gta3      : no branches!
[2020-04-07 11:31:41.492] [WARNING] [Admin] [title] No default branch for title gta4
[2020-04-07 11:31:41.493] [WARNING] [Admin] [titlemanager] Title gta4      : no branches!
[2020-04-07 11:31:41.493] [DISPLAY] [Admin] [titlemanager] Title launcher  : on branch "default"
[2020-04-07 11:31:41.497] [DISPLAY] [Admin] [external] Ready to attempt a launch.
[2020-04-07 11:31:41.498] [DISPLAY] [Admin] [external] Attempting Steam launch. User is 'Guntur'
[2020-04-07 11:31:46.471] [DISPLAY] [ 5400] [gamelaunch] Title has no minimum RGL version.
[2020-04-07 11:31:46.471] [DISPLAY] [ 5400] [gamelaunch] Title has no minimum RGL version.
[2020-04-07 11:31:49.138] [DISPLAY] [Main ] [cloudsaveop] Cloud Save sync requested for title 'gta5'
[2020-04-07 11:31:49.155] [DISPLAY] [Main ] [cloudsaveop] Starting cloud save enabled check for title 'gta5'
[2020-04-07 11:31:49.160] [DISPLAY] [Main ] [cloudsaveop] Received cloud saves enabled state for title 'gta5' = enabled
[2020-04-07 11:31:49.161] [DISPLAY] [Main ] [cloudsaveop] Identifying potential cloud save conflicts for title 'gta5'
[2020-04-07 11:31:51.552] [DISPLAY] [Main ] [cloudsaveop] Received modification list of cloud save files for title 'gta5'
[2020-04-07 11:31:51.552] [DISPLAY] [Main ] [cloudsaveop] Retrieving conflict metadata for title 'gta5'
[2020-04-07 11:31:51.569] [DISPLAY] [Main ] [cloudsaveop] Downloaded conflict metadata for title 'gta5'
[2020-04-07 11:31:51.569] [DISPLAY] [Main ] [cloudsaveop] Posting updated files for title 'gta5'
[2020-04-07 11:31:51.586] [DISPLAY] [Main ] [cloudsaveop] File uploading completed for title 'gta5'
[2020-04-07 11:31:51.586] [DISPLAY] [Main ] [cloudsaveop] Getting update files for title 'gta5'
[2020-04-07 11:31:51.603] [DISPLAY] [Main ] [cloudsaveop] File downloading completed for title 'gta5'
[2020-04-07 11:31:51.603] [DISPLAY] [Main ] [cloudsaveop] Deleting updated files for title 'gta5'
[2020-04-07 11:31:51.620] [DISPLAY] [Main ] [cloudsaveop] Files deletion completed for title 'gta5'
[2020-04-07 11:31:51.620] [DISPLAY] [Main ] [cloudsaveop] Swapping updated files in place for title 'gta5'
[2020-04-07 11:31:51.637] [DISPLAY] [Main ] [cloudsaveop] Finished syncing cloud saves for title 'gta5'
[2020-04-07 11:31:51.720] [DISPLAY] [ 9088] [audio] Valid Audio Device: true
[2020-04-07 11:31:53.824] [DISPLAY] [ 5400] [gamelaunch] Launching game...
[2020-04-07 11:31:53.824] [DISPLAY] [ 5400] [gamelaunch]  Path: C:\Program Files (x86)\Steam\steamapps\common\Grand Theft Auto V\GTA5.exe
[2020-04-07 11:31:53.825] [DISPLAY] [ 5400] [gamelaunch]  Command Line: "C:\Program Files (x86)\Steam\steamapps\common\Grand Theft Auto V\GTA5.exe" -skipPatcherCheck -steamAppId=271590 @args.txt @commandline.txt -useSteam
[2020-04-07 11:31:53.825] [DISPLAY] [ 5400] [gamelaunch]  Working Directory: C:\Program Files (x86)\Steam\steamapps\common\Grand Theft Auto V
[2020-04-07 11:35:14.219] [DISPLAY] [Main ] [sysinfo] Drive C:\ has 86643388416 bytes free, 240378703872 bytes total
[2020-04-07 11:35:14.219] [DISPLAY] [Main ] [sysinfo] Drive D:\ has 235356151808 bytes free, 239196958720 bytes total
[2020-04-07 11:35:14.220] [DISPLAY] [Main ] [sysinfo] OS Version: Major: 10 Minor: 0 Build: 10586 Service Pack: 
[2020-04-07 11:35:14.237] [DISPLAY] [Main ] [sysinfo] Drive C:\ has 86643388416 bytes free, 240378703872 bytes total
[2020-04-07 11:35:14.238] [DISPLAY] [Main ] [sysinfo] Drive D:\ has 235356151808 bytes free, 239196958720 bytes total
[2020-04-07 11:35:14.241] [DISPLAY] [Main ] [sysinfo] OS Version: Major: 10 Minor: 0 Build: 10586 Service Pack: 
[2020-04-07 12:31:24.817] [DISPLAY] [Admin] [idownloader] Starting download of 'https://gamedownloads-rockstargames-com.akamaized.net/public/launcher_online_config.xml'
[2020-04-07 12:31:25.775] [DISPLAY] [Admin] [idownloader] Completed download of 'https://gamedownloads-rockstargames-com.akamaized.net/public/launcher_online_config.xml' (status: 0/200)
[2020-04-07 13:31:25.838] [DISPLAY] [Admin] [idownloader] Starting download of 'https://gamedownloads-rockstargames-com.akamaized.net/public/launcher_online_config.xml'
[2020-04-07 13:31:27.094] [DISPLAY] [Admin] [idownloader] Completed download of 'https://gamedownloads-rockstargames-com.akamaized.net/public/launcher_online_config.xml' (status: 0/200)
[2020-04-07 14:04:31.273] [DISPLAY] [ 5400] [gamelaunch] Game exited with code 0x0 (0)
[2020-04-07 14:04:31.275] [DISPLAY] [ 5400] [crashdetection] Game left no exit file.
[2020-04-07 14:04:31.275] [DISPLAY] [ 5400] [crashdetection] Exit code 0x0 indicates a clean game shutdown
[2020-04-07 14:04:31.341] [DISPLAY] [Main ] [cloudsaveop] Cloud Save sync requested for title 'gta5'
[2020-04-07 14:04:31.358] [DISPLAY] [Main ] [cloudsaveop] Starting cloud save enabled check for title 'gta5'
[2020-04-07 14:04:31.362] [DISPLAY] [Main ] [cloudsaveop] Received cloud saves enabled state for title 'gta5' = enabled
[2020-04-07 14:04:31.362] [DISPLAY] [Main ] [cloudsaveop] Title access token was missing or expired, refreshing access for title 'gta5'
[2020-04-07 14:04:31.362] [DISPLAY] [Main ] [cloudsaveop] Retrieving access token for title 'gta5' (11)
[2020-04-07 14:04:35.035] [DISPLAY] [Main ] [cloudsaveop] Identifying potential cloud save conflicts for title 'gta5'
[2020-04-07 14:04:38.190] [DISPLAY] [Main ] [cloudsaveop] Received modification list of cloud save files for title 'gta5'
[2020-04-07 14:04:38.190] [DISPLAY] [Main ] [cloudsaveop] Retrieving conflict metadata for title 'gta5'
[2020-04-07 14:04:38.206] [DISPLAY] [Main ] [cloudsaveop] Downloaded conflict metadata for title 'gta5'
[2020-04-07 14:04:38.206] [DISPLAY] [Main ] [cloudsaveop] Posting updated files for title 'gta5'
[2020-04-07 14:04:38.223] [DISPLAY] [Main ] [cloudsaveop] File uploading completed for title 'gta5'
[2020-04-07 14:04:38.223] [DISPLAY] [Main ] [cloudsaveop] Getting update files for title 'gta5'
[2020-04-07 14:04:38.241] [DISPLAY] [Main ] [cloudsaveop] File downloading completed for title 'gta5'
[2020-04-07 14:04:38.241] [DISPLAY] [Main ] [cloudsaveop] Deleting updated files for title 'gta5'
[2020-04-07 14:04:38.259] [DISPLAY] [Main ] [cloudsaveop] Files deletion completed for title 'gta5'
[2020-04-07 14:04:38.259] [DISPLAY] [Main ] [cloudsaveop] Swapping updated files in place for title 'gta5'
[2020-04-07 14:04:38.278] [DISPLAY] [Main ] [cloudsaveop] Finished syncing cloud saves for title 'gta5'
[2020-04-07 14:04:41.130] [DISPLAY] [Main ] [launcher] StartShutdown - Now in progress
[2020-04-07 14:04:43.956] [DISPLAY] [Main ] [app] Application quit requested (exit code: 0)
[2020-04-07 14:04:44.272] [DISPLAY] [Main ] [launcher] Closing log file.
