[2020-03-28 22:47:13.919] [DISPLAY] [Main ] [main] Command line: "C:\Program Files\Rockstar Games\Launcher\Launcher.exe" -skipPatcherCheck @args.txt
[2020-03-28 22:47:13.919] [DISPLAY] [Main ] [main] Working directory: C:\Program Files\Rockstar Games\Launcher
[2020-03-28 22:47:13.919] [DISPLAY] [Main ] [main] Build type: FMB
[2020-03-28 22:47:13.921] [DISPLAY] [Main ] [main] Version: 1.0.19.234
[2020-03-28 22:47:13.921] [DISPLAY] [Main ] [main] Parameters:
[2020-03-28 22:47:13.921] [DISPLAY] [Main ] [main]     C:\Program Files\Rockstar Games\Launcher\Launcher.exe
[2020-03-28 22:47:13.921] [DISPLAY] [Main ] [main]     -skipPatcherCheck
[2020-03-28 22:47:13.921] [DISPLAY] [Main ] [main]     @args.txt
[2020-03-28 22:47:13.939] [DISPLAY] [Main ] [minmode] Running in Steam mode
[2020-03-28 22:47:13.939] [DISPLAY] [Main ] [minmode] Steam App Id: 271590
[2020-03-28 22:47:13.939] [DISPLAY] [Main ] [minmode] Title Id: gta5
[2020-03-28 22:47:13.940] [DISPLAY] [Main ] [minmode] Location: C:\Program Files (x86)\Steam\steamapps\common\Grand Theft Auto V
[2020-03-28 22:47:13.940] [DISPLAY] [Main ] [launcher] Opening log file.
[2020-03-28 22:47:14.024] [WARNING] [Main ] [title] No default branch for title gtasa
[2020-03-28 22:47:14.025] [WARNING] [Main ] [title] No default branch for title gta5
[2020-03-28 22:47:14.026] [WARNING] [Main ] [title] No default branch for title rdr2
[2020-03-28 22:47:14.027] [WARNING] [Main ] [title] No default branch for title lanoire
[2020-03-28 22:47:14.028] [WARNING] [Main ] [title] No default branch for title bully
[2020-03-28 22:47:14.028] [WARNING] [Main ] [title] No default branch for title mp3
[2020-03-28 22:47:14.029] [WARNING] [Main ] [title] No default branch for title gtavc
[2020-03-28 22:47:14.030] [WARNING] [Main ] [title] No default branch for title gta3
[2020-03-28 22:47:14.030] [WARNING] [Main ] [title] No default branch for title gta4
[2020-03-28 22:47:14.031] [DISPLAY] [Main ] [titlemanager] Installation status:
[2020-03-28 22:47:14.031] [DISPLAY] [Main ] [titlemanager] - Title gta5      : Not installed
[2020-03-28 22:47:14.032] [DISPLAY] [Main ] [titlemanager] - Title gtasa     : Not installed
[2020-03-28 22:47:14.032] [DISPLAY] [Main ] [titlemanager] - Title rdr2      : Not installed
[2020-03-28 22:47:14.033] [DISPLAY] [Main ] [titlemanager] - Title lanoire   : Not installed
[2020-03-28 22:47:14.033] [DISPLAY] [Main ] [titlemanager] - Title mp3       : Not installed
[2020-03-28 22:47:14.034] [DISPLAY] [Main ] [titlemanager] - Title bully     : Not installed
[2020-03-28 22:47:14.034] [DISPLAY] [Main ] [titlemanager] - Title gtavc     : Not installed
[2020-03-28 22:47:14.034] [DISPLAY] [Main ] [titlemanager] - Title gta3      : Not installed
[2020-03-28 22:47:14.035] [DISPLAY] [Main ] [titlemanager] - Title gta4      : Not installed
[2020-03-28 22:47:14.035] [DISPLAY] [Main ] [titlemanager] - Title launcher  : Installed to: C:\Program Files\Rockstar Games\Launcher
[2020-03-28 22:47:14.197] [DISPLAY] [Main ] [fileutils] Version: 2.0.5.2 | 1.0.19.234 | FFP
[2020-03-28 22:47:14.289] [DISPLAY] [Workr] [selfupdate] Up-to-date.
[2020-03-28 22:47:14.645] [DISPLAY] [Workr] [idownloader] Starting download of 'https://gamedownloads-rockstargames-com.akamaized.net/public/launcher_online_config.xml'
[2020-03-28 22:47:16.120] [DISPLAY] [Workr] [idownloader] Completed download of 'https://gamedownloads-rockstargames-com.akamaized.net/public/launcher_online_config.xml' (status: 0/200)
[2020-03-28 22:47:16.121] [DISPLAY] [Workr] [titlemanager] Downloading title list...
[2020-03-28 22:47:16.210] [DISPLAY] [Workr] [idownloader] Starting download of 'https://gamedownloads-rockstargames-com.akamaized.net/public/title_metadata.json'
[2020-03-28 22:47:17.796] [DISPLAY] [Workr] [idownloader] Completed download of 'https://gamedownloads-rockstargames-com.akamaized.net/public/title_metadata.json' (status: 0/200)
[2020-03-28 22:47:17.812] [DISPLAY] [Workr] [titlemanager] Downloading default title list (SCS)...
[2020-03-28 22:47:17.812] [DISPLAY] [Workr] [idownloader] Starting download of 'https://rgl-prod.ros.rockstargames.com/launcher/11/LauncherServices/App.asmx/GetDefaultApps?accessToken='
[2020-03-28 22:47:20.328] [DISPLAY] [Workr] [idownloader] Completed download of 'https://rgl-prod.ros.rockstargames.com/launcher/11/LauncherServices/App.asmx/GetDefaultApps?accessToken=' (status: 0/200)
[2020-03-28 22:47:20.330] [DISPLAY] [Workr] [titlemanager] Retrieved default title: launcher
[2020-03-28 22:47:20.330] [DISPLAY] [Workr] [titlemanager] Title list updated.
[2020-03-28 22:47:20.330] [WARNING] [Workr] [title] No default branch for title gta5
[2020-03-28 22:47:20.330] [WARNING] [Workr] [titlemanager] Title gta5      : no branches!
[2020-03-28 22:47:20.330] [WARNING] [Workr] [title] No default branch for title gtasa
[2020-03-28 22:47:20.331] [WARNING] [Workr] [titlemanager] Title gtasa     : no branches!
[2020-03-28 22:47:20.331] [WARNING] [Workr] [title] No default branch for title rdr2
[2020-03-28 22:47:20.331] [WARNING] [Workr] [titlemanager] Title rdr2      : no branches!
[2020-03-28 22:47:20.331] [WARNING] [Workr] [title] No default branch for title lanoire
[2020-03-28 22:47:20.332] [WARNING] [Workr] [titlemanager] Title lanoire   : no branches!
[2020-03-28 22:47:20.332] [WARNING] [Workr] [title] No default branch for title mp3
[2020-03-28 22:47:20.332] [WARNING] [Workr] [titlemanager] Title mp3       : no branches!
[2020-03-28 22:47:20.332] [WARNING] [Workr] [title] No default branch for title bully
[2020-03-28 22:47:20.332] [WARNING] [Workr] [titlemanager] Title bully     : no branches!
[2020-03-28 22:47:20.333] [WARNING] [Workr] [title] No default branch for title gtavc
[2020-03-28 22:47:20.333] [WARNING] [Workr] [titlemanager] Title gtavc     : no branches!
[2020-03-28 22:47:20.333] [WARNING] [Workr] [title] No default branch for title gta3
[2020-03-28 22:47:20.334] [WARNING] [Workr] [titlemanager] Title gta3      : no branches!
[2020-03-28 22:47:20.334] [WARNING] [Workr] [title] No default branch for title gta4
[2020-03-28 22:47:20.334] [WARNING] [Workr] [titlemanager] Title gta4      : no branches!
[2020-03-28 22:47:20.335] [DISPLAY] [Workr] [titlemanager] Title launcher  : on branch "default"
[2020-03-28 22:47:20.335] [DISPLAY] [Workr] [launcher] Checking for self-update...
[2020-03-28 22:47:20.345] [DISPLAY] [Workr] [statuschecker] Title Rockstar Games Launcher: No update
[2020-03-28 22:47:20.352] [DISPLAY] [Workr] [launcher] No self-update, continuing.
[2020-03-28 22:47:20.352] [DISPLAY] [Workr] [launcher] Checking for prerequisite updates...
[2020-03-28 22:47:20.356] [DISPLAY] [Workr] [preqmanager] The Social Club version available matches that currently installed (both: 2.0.5.2)
[2020-03-28 22:47:20.356] [DISPLAY] [Workr] [titleupdater] No prerequisites to install.
[2020-03-28 22:47:20.582] [DISPLAY] [Main ] [gameslibrary] Could not get game library list from disk; assuming no game libraries exist yet.
[2020-03-28 22:47:24.076] [DISPLAY] [Main ] [scuimessage] Sending version info to Social Club UI
[2020-03-28 22:47:24.086] [DISPLAY] [Main ] [external] Notifying Social Club UI about external launch...
[2020-03-28 22:47:24.108] [DISPLAY] [Admin] [external] Setting up Steam title...
[2020-03-28 22:47:24.110] [DISPLAY] [Admin] [idownloader] Starting download of 'https://gamedownloads-rockstargames-com.akamaized.net/public/title_metadata.json'
[2020-03-28 22:47:25.795] [DISPLAY] [Admin] [idownloader] Completed download of 'https://gamedownloads-rockstargames-com.akamaized.net/public/title_metadata.json' (status: 0/200)
[2020-03-28 22:47:25.845] [DISPLAY] [Admin] [external] Ready to attempt a launch.
[2020-03-28 22:47:33.558] [DISPLAY] [Main ] [launcher] Presence Event - Signed In
[2020-03-28 22:47:33.559] [DISPLAY] [Main ] [launcher] User 'DejayJeffry' is now signed in
[2020-03-28 22:47:33.569] [DISPLAY] [Main ] [launcher] Presence Event :: Went Online
[2020-03-28 22:47:33.574] [DISPLAY] [Main ] [launcher] Time to start up: 19663 ms
[2020-03-28 22:47:33.580] [DISPLAY] [Main ] [ui_mainwindow] Using DPI 96,96
[2020-03-28 22:47:33.581] [DISPLAY] [Main ] [ui_mainwindow] Using UI Scale: 1.00
[2020-03-28 22:47:33.587] [DISPLAY] [Main ] [ui_mainwindow] Using saved geometry: 43,64 (1280 x 600)
[2020-03-28 22:47:33.594] [DISPLAY] [Admin] [titlemanager] Downloading title list...
[2020-03-28 22:47:33.595] [DISPLAY] [Admin] [idownloader] Starting download of 'https://gamedownloads-rockstargames-com.akamaized.net/public/title_metadata.json'
[2020-03-28 22:47:33.609] [DISPLAY] [Main ] [systemtray] System tray: enabled
[2020-03-28 22:47:33.859] [DISPLAY] [Main ] [launcher] Friend Event - Friends are Available
[2020-03-28 22:47:34.120] [DISPLAY] [Main ] [external] Attempting external title launch...
[2020-03-28 22:47:36.113] [DISPLAY] [Admin] [idownloader] Completed download of 'https://gamedownloads-rockstargames-com.akamaized.net/public/title_metadata.json' (status: 0/200)
[2020-03-28 22:47:36.134] [DISPLAY] [Admin] [titlemanager] Downloading title list (SCS)...
[2020-03-28 22:47:37.295] [WARNING] [10204] [diag] Unable to load DxDiag info from disk
[2020-03-28 22:47:40.737] [DISPLAY] [Admin] [titlemanager] Retrieved title: gta3
[2020-03-28 22:47:40.738] [DISPLAY] [Admin] [titlemanager] Retrieved title: gta4
[2020-03-28 22:47:40.739] [DISPLAY] [Admin] [titlemanager] Retrieved title: gta5
[2020-03-28 22:47:40.740] [DISPLAY] [Admin] [titlemanager] Retrieved title: lanoirevr
[2020-03-28 22:47:40.740] [DISPLAY] [Admin] [titlemanager] Retrieved title: gtavc
[2020-03-28 22:47:40.741] [DISPLAY] [Admin] [titlemanager] Retrieved title: mp3
[2020-03-28 22:47:40.742] [DISPLAY] [Admin] [titlemanager] Retrieved title: bully
[2020-03-28 22:47:40.743] [DISPLAY] [Admin] [titlemanager] Retrieved title: gtasa
[2020-03-28 22:47:40.744] [DISPLAY] [Admin] [titlemanager] Retrieved title: launcher
[2020-03-28 22:47:40.744] [DISPLAY] [Admin] [titlemanager] Retrieved title: rdr2
[2020-03-28 22:47:40.745] [DISPLAY] [Admin] [titlemanager] Retrieved title: lanoire
[2020-03-28 22:47:40.749] [DISPLAY] [Admin] [titlemanager] Title list updated.
[2020-03-28 22:47:40.750] [WARNING] [Admin] [title] No default branch for title gta5
[2020-03-28 22:47:40.751] [WARNING] [Admin] [titlemanager] Title gta5      : no branches!
[2020-03-28 22:47:40.751] [WARNING] [Admin] [title] No default branch for title gtasa
[2020-03-28 22:47:40.752] [WARNING] [Admin] [titlemanager] Title gtasa     : no branches!
[2020-03-28 22:47:40.753] [WARNING] [Admin] [title] No default branch for title rdr2
[2020-03-28 22:47:40.754] [WARNING] [Admin] [titlemanager] Title rdr2      : no branches!
[2020-03-28 22:47:40.754] [WARNING] [Admin] [title] No default branch for title lanoire
[2020-03-28 22:47:40.755] [WARNING] [Admin] [titlemanager] Title lanoire   : no branches!
[2020-03-28 22:47:40.756] [WARNING] [Admin] [title] No default branch for title mp3
[2020-03-28 22:47:40.756] [WARNING] [Admin] [titlemanager] Title mp3       : no branches!
[2020-03-28 22:47:40.756] [WARNING] [Admin] [title] No default branch for title bully
[2020-03-28 22:47:40.757] [WARNING] [Admin] [titlemanager] Title bully     : no branches!
[2020-03-28 22:47:40.757] [WARNING] [Admin] [title] No default branch for title gtavc
[2020-03-28 22:47:40.757] [WARNING] [Admin] [titlemanager] Title gtavc     : no branches!
[2020-03-28 22:47:40.758] [WARNING] [Admin] [title] No default branch for title gta3
[2020-03-28 22:47:40.758] [WARNING] [Admin] [titlemanager] Title gta3      : no branches!
[2020-03-28 22:47:40.758] [WARNING] [Admin] [title] No default branch for title gta4
[2020-03-28 22:47:40.759] [WARNING] [Admin] [titlemanager] Title gta4      : no branches!
[2020-03-28 22:47:40.759] [DISPLAY] [Admin] [titlemanager] Title launcher  : on branch "default"
[2020-03-28 22:47:40.767] [DISPLAY] [Admin] [external] Ready to attempt a launch.
[2020-03-28 22:47:40.768] [DISPLAY] [Admin] [external] Attempting Steam launch. User is 'Guntur'
[2020-03-28 22:47:46.977] [DISPLAY] [ 7636] [gamelaunch] Title has no minimum RGL version.
[2020-03-28 22:47:46.977] [DISPLAY] [ 7636] [gamelaunch] Title has no minimum RGL version.
[2020-03-28 22:47:51.343] [DISPLAY] [Main ] [cloudsaveop] Cloud Save sync requested for title 'gta5'
[2020-03-28 22:47:51.359] [DISPLAY] [Main ] [cloudsaveop] Starting cloud save enabled check for title 'gta5'
[2020-03-28 22:47:51.367] [DISPLAY] [Main ] [cloudsaveop] Received cloud saves enabled state for title 'gta5' = enabled
[2020-03-28 22:47:51.367] [DISPLAY] [Main ] [cloudsaveop] Identifying potential cloud save conflicts for title 'gta5'
[2020-03-28 22:47:53.918] [DISPLAY] [Main ] [cloudsaveop] Received modification list of cloud save files for title 'gta5'
[2020-03-28 22:47:53.918] [DISPLAY] [Main ] [cloudsaveop] Retrieving conflict metadata for title 'gta5'
[2020-03-28 22:47:53.973] [DISPLAY] [Main ] [cloudsaveop] Downloaded conflict metadata for title 'gta5'
[2020-03-28 22:47:53.974] [DISPLAY] [Main ] [cloudsaveop] Posting updated files for title 'gta5'
[2020-03-28 22:47:53.987] [DISPLAY] [Main ] [cloudsaveop] File uploading completed for title 'gta5'
[2020-03-28 22:47:53.988] [DISPLAY] [Main ] [cloudsaveop] Getting update files for title 'gta5'
[2020-03-28 22:47:54.003] [DISPLAY] [Main ] [cloudsaveop] File downloading completed for title 'gta5'
[2020-03-28 22:47:54.003] [DISPLAY] [Main ] [cloudsaveop] Deleting updated files for title 'gta5'
[2020-03-28 22:47:54.020] [DISPLAY] [Main ] [cloudsaveop] Files deletion completed for title 'gta5'
[2020-03-28 22:47:54.020] [DISPLAY] [Main ] [cloudsaveop] Swapping updated files in place for title 'gta5'
[2020-03-28 22:47:54.039] [DISPLAY] [Main ] [cloudsaveop] Finished syncing cloud saves for title 'gta5'
[2020-03-28 22:47:54.106] [DISPLAY] [11016] [audio] Valid Audio Device: true
[2020-03-28 22:47:56.735] [DISPLAY] [ 7636] [gamelaunch] Launching game...
[2020-03-28 22:47:56.736] [DISPLAY] [ 7636] [gamelaunch]  Path: C:\Program Files (x86)\Steam\steamapps\common\Grand Theft Auto V\GTA5.exe
[2020-03-28 22:47:56.736] [DISPLAY] [ 7636] [gamelaunch]  Command Line: "C:\Program Files (x86)\Steam\steamapps\common\Grand Theft Auto V\GTA5.exe" -skipPatcherCheck @args.txt @commandline.txt -useSteam
[2020-03-28 22:47:56.736] [DISPLAY] [ 7636] [gamelaunch]  Working Directory: C:\Program Files (x86)\Steam\steamapps\common\Grand Theft Auto V
[2020-03-28 22:48:56.792] [WARNING] [ 7636] [gamelaunch] 60 seconds elapsed and still no game window.
[2020-03-28 23:47:16.194] [DISPLAY] [Admin] [idownloader] Starting download of 'https://gamedownloads-rockstargames-com.akamaized.net/public/launcher_online_config.xml'
[2020-03-28 23:47:19.185] [DISPLAY] [Admin] [idownloader] Completed download of 'https://gamedownloads-rockstargames-com.akamaized.net/public/launcher_online_config.xml' (status: 0/200)
