[2020-03-28 21:30:52.786] [DISPLAY] [Main ] [main] Command line: "C:\Program Files\Rockstar Games\Launcher\Launcher.exe" -skipPatcherCheck @args.txt
[2020-03-28 21:30:52.788] [DISPLAY] [Main ] [main] Working directory: C:\Program Files\Rockstar Games\Launcher
[2020-03-28 21:30:52.788] [DISPLAY] [Main ] [main] Build type: FMB
[2020-03-28 21:30:52.790] [DISPLAY] [Main ] [main] Version: 1.0.19.234
[2020-03-28 21:30:52.790] [DISPLAY] [Main ] [main] Parameters:
[2020-03-28 21:30:52.790] [DISPLAY] [Main ] [main]     C:\Program Files\Rockstar Games\Launcher\Launcher.exe
[2020-03-28 21:30:52.790] [DISPLAY] [Main ] [main]     -skipPatcherCheck
[2020-03-28 21:30:52.790] [DISPLAY] [Main ] [main]     @args.txt
[2020-03-28 21:30:52.804] [DISPLAY] [Main ] [minmode] Running in Steam mode
[2020-03-28 21:30:52.804] [DISPLAY] [Main ] [minmode] Steam App Id: 271590
[2020-03-28 21:30:52.804] [DISPLAY] [Main ] [minmode] Title Id: gta5
[2020-03-28 21:30:52.805] [DISPLAY] [Main ] [minmode] Location: C:\Program Files (x86)\Steam\steamapps\common\Grand Theft Auto V
[2020-03-28 21:30:52.805] [DISPLAY] [Main ] [launcher] Opening log file.
[2020-03-28 21:30:52.861] [WARNING] [Main ] [title] No default branch for title gta5
[2020-03-28 21:30:52.862] [WARNING] [Main ] [title] No default branch for title gtasa
[2020-03-28 21:30:52.862] [WARNING] [Main ] [title] No default branch for title rdr2
[2020-03-28 21:30:52.862] [WARNING] [Main ] [title] No default branch for title lanoire
[2020-03-28 21:30:52.863] [WARNING] [Main ] [title] No default branch for title mp3
[2020-03-28 21:30:52.863] [WARNING] [Main ] [title] No default branch for title bully
[2020-03-28 21:30:52.863] [WARNING] [Main ] [title] No default branch for title gtavc
[2020-03-28 21:30:52.864] [WARNING] [Main ] [title] No default branch for title gta3
[2020-03-28 21:30:52.864] [WARNING] [Main ] [title] No default branch for title gta4
[2020-03-28 21:30:52.864] [DISPLAY] [Main ] [titlemanager] Installation status:
[2020-03-28 21:30:52.865] [DISPLAY] [Main ] [titlemanager] - Title gtasa     : Not installed
[2020-03-28 21:30:52.865] [DISPLAY] [Main ] [titlemanager] - Title gta5      : Not installed
[2020-03-28 21:30:52.865] [DISPLAY] [Main ] [titlemanager] - Title rdr2      : Not installed
[2020-03-28 21:30:52.865] [DISPLAY] [Main ] [titlemanager] - Title lanoire   : Not installed
[2020-03-28 21:30:52.865] [DISPLAY] [Main ] [titlemanager] - Title bully     : Not installed
[2020-03-28 21:30:52.865] [DISPLAY] [Main ] [titlemanager] - Title mp3       : Not installed
[2020-03-28 21:30:52.866] [DISPLAY] [Main ] [titlemanager] - Title gtavc     : Not installed
[2020-03-28 21:30:52.866] [DISPLAY] [Main ] [titlemanager] - Title gta3      : Not installed
[2020-03-28 21:30:52.866] [DISPLAY] [Main ] [titlemanager] - Title gta4      : Not installed
[2020-03-28 21:30:52.866] [DISPLAY] [Main ] [titlemanager] - Title launcher  : Installed to: C:\Program Files\Rockstar Games\Launcher
[2020-03-28 21:30:53.051] [DISPLAY] [Main ] [fileutils] Version: 2.0.5.2 | 1.0.19.234 | FFP
[2020-03-28 21:30:53.137] [DISPLAY] [Workr] [selfupdate] Up-to-date.
[2020-03-28 21:30:53.348] [DISPLAY] [Workr] [idownloader] Starting download of 'https://gamedownloads-rockstargames-com.akamaized.net/public/launcher_online_config.xml'
[2020-03-28 21:30:53.924] [DISPLAY] [Workr] [idownloader] Completed download of 'https://gamedownloads-rockstargames-com.akamaized.net/public/launcher_online_config.xml' (status: 0/200)
[2020-03-28 21:30:53.925] [DISPLAY] [Workr] [titlemanager] Downloading title list...
[2020-03-28 21:30:53.956] [DISPLAY] [Workr] [idownloader] Starting download of 'https://gamedownloads-rockstargames-com.akamaized.net/public/title_metadata.json'
[2020-03-28 21:30:54.914] [DISPLAY] [Workr] [idownloader] Completed download of 'https://gamedownloads-rockstargames-com.akamaized.net/public/title_metadata.json' (status: 0/200)
[2020-03-28 21:30:54.921] [DISPLAY] [Workr] [titlemanager] Downloading default title list (SCS)...
[2020-03-28 21:30:54.921] [DISPLAY] [Workr] [idownloader] Starting download of 'https://rgl-prod.ros.rockstargames.com/launcher/11/LauncherServices/App.asmx/GetDefaultApps?accessToken='
[2020-03-28 21:30:57.342] [DISPLAY] [Workr] [idownloader] Completed download of 'https://rgl-prod.ros.rockstargames.com/launcher/11/LauncherServices/App.asmx/GetDefaultApps?accessToken=' (status: 0/200)
[2020-03-28 21:30:57.343] [DISPLAY] [Workr] [titlemanager] Retrieved default title: launcher
[2020-03-28 21:30:57.343] [DISPLAY] [Workr] [titlemanager] Title list updated.
[2020-03-28 21:30:57.344] [WARNING] [Workr] [title] No default branch for title gtasa
[2020-03-28 21:30:57.344] [WARNING] [Workr] [titlemanager] Title gtasa     : no branches!
[2020-03-28 21:30:57.344] [WARNING] [Workr] [title] No default branch for title gta5
[2020-03-28 21:30:57.344] [WARNING] [Workr] [titlemanager] Title gta5      : no branches!
[2020-03-28 21:30:57.344] [WARNING] [Workr] [title] No default branch for title rdr2
[2020-03-28 21:30:57.345] [WARNING] [Workr] [titlemanager] Title rdr2      : no branches!
[2020-03-28 21:30:57.345] [WARNING] [Workr] [title] No default branch for title lanoire
[2020-03-28 21:30:57.345] [WARNING] [Workr] [titlemanager] Title lanoire   : no branches!
[2020-03-28 21:30:57.345] [WARNING] [Workr] [title] No default branch for title bully
[2020-03-28 21:30:57.345] [WARNING] [Workr] [titlemanager] Title bully     : no branches!
[2020-03-28 21:30:57.346] [WARNING] [Workr] [title] No default branch for title mp3
[2020-03-28 21:30:57.346] [WARNING] [Workr] [titlemanager] Title mp3       : no branches!
[2020-03-28 21:30:57.346] [WARNING] [Workr] [title] No default branch for title gtavc
[2020-03-28 21:30:57.346] [WARNING] [Workr] [titlemanager] Title gtavc     : no branches!
[2020-03-28 21:30:57.346] [WARNING] [Workr] [title] No default branch for title gta3
[2020-03-28 21:30:57.347] [WARNING] [Workr] [titlemanager] Title gta3      : no branches!
[2020-03-28 21:30:57.347] [WARNING] [Workr] [title] No default branch for title gta4
[2020-03-28 21:30:57.347] [WARNING] [Workr] [titlemanager] Title gta4      : no branches!
[2020-03-28 21:30:57.347] [DISPLAY] [Workr] [titlemanager] Title launcher  : on branch "default"
[2020-03-28 21:30:57.347] [DISPLAY] [Workr] [launcher] Checking for self-update...
[2020-03-28 21:30:57.348] [DISPLAY] [Workr] [statuschecker] Title Rockstar Games Launcher: No update
[2020-03-28 21:30:57.352] [DISPLAY] [Workr] [launcher] No self-update, continuing.
[2020-03-28 21:30:57.352] [DISPLAY] [Workr] [launcher] Checking for prerequisite updates...
[2020-03-28 21:30:57.359] [DISPLAY] [Workr] [preqmanager] The Social Club version available matches that currently installed (both: 2.0.5.2)
[2020-03-28 21:30:57.360] [DISPLAY] [Workr] [titleupdater] No prerequisites to install.
[2020-03-28 21:30:57.559] [DISPLAY] [Main ] [gameslibrary] Could not get game library list from disk; assuming no game libraries exist yet.
[2020-03-28 21:31:00.855] [DISPLAY] [Main ] [scuimessage] Sending version info to Social Club UI
[2020-03-28 21:31:00.860] [DISPLAY] [Main ] [external] Notifying Social Club UI about external launch...
[2020-03-28 21:31:00.860] [DISPLAY] [Admin] [external] Setting up Steam title...
[2020-03-28 21:31:00.860] [DISPLAY] [Admin] [idownloader] Starting download of 'https://gamedownloads-rockstargames-com.akamaized.net/public/title_metadata.json'
[2020-03-28 21:31:01.410] [DISPLAY] [Admin] [idownloader] Completed download of 'https://gamedownloads-rockstargames-com.akamaized.net/public/title_metadata.json' (status: 0/200)
[2020-03-28 21:31:01.416] [DISPLAY] [Admin] [external] Ready to attempt a launch.
[2020-03-28 21:31:02.208] [WARNING] [ 1144] [diag] Unable to load DxDiag info from disk
[2020-03-28 21:31:07.946] [DISPLAY] [Main ] [launcher] Presence Event - Signed In
[2020-03-28 21:31:07.946] [DISPLAY] [Main ] [launcher] User 'DejayJeffry' is now signed in
[2020-03-28 21:31:07.951] [DISPLAY] [Main ] [launcher] Presence Event :: Went Online
[2020-03-28 21:31:07.951] [DISPLAY] [Admin] [titlemanager] Downloading title list...
[2020-03-28 21:31:07.952] [DISPLAY] [Admin] [idownloader] Starting download of 'https://gamedownloads-rockstargames-com.akamaized.net/public/title_metadata.json'
[2020-03-28 21:31:07.952] [DISPLAY] [Main ] [launcher] Time to start up: 15176 ms
[2020-03-28 21:31:07.956] [DISPLAY] [Main ] [ui_mainwindow] Using DPI 96,96
[2020-03-28 21:31:07.956] [DISPLAY] [Main ] [ui_mainwindow] Using UI Scale: 1.00
[2020-03-28 21:31:07.958] [DISPLAY] [Main ] [ui_mainwindow] Using saved geometry: 43,64 (1280 x 600)
[2020-03-28 21:31:07.998] [DISPLAY] [Main ] [systemtray] System tray: enabled
[2020-03-28 21:31:08.110] [DISPLAY] [Main ] [launcher] Friend Event - Friends are Available
[2020-03-28 21:31:08.474] [DISPLAY] [Main ] [external] Attempting external title launch...
[2020-03-28 21:31:08.890] [DISPLAY] [Admin] [idownloader] Completed download of 'https://gamedownloads-rockstargames-com.akamaized.net/public/title_metadata.json' (status: 0/200)
[2020-03-28 21:31:08.895] [DISPLAY] [Admin] [titlemanager] Downloading title list (SCS)...
[2020-03-28 21:31:11.558] [DISPLAY] [Admin] [titlemanager] Retrieved title: gta3
[2020-03-28 21:31:11.559] [DISPLAY] [Admin] [titlemanager] Retrieved title: gta4
[2020-03-28 21:31:11.559] [DISPLAY] [Admin] [titlemanager] Retrieved title: gta5
[2020-03-28 21:31:11.559] [DISPLAY] [Admin] [titlemanager] Retrieved title: lanoirevr
[2020-03-28 21:31:11.559] [DISPLAY] [Admin] [titlemanager] Retrieved title: gtavc
[2020-03-28 21:31:11.559] [DISPLAY] [Admin] [titlemanager] Retrieved title: mp3
[2020-03-28 21:31:11.559] [DISPLAY] [Admin] [titlemanager] Retrieved title: bully
[2020-03-28 21:31:11.560] [DISPLAY] [Admin] [titlemanager] Retrieved title: gtasa
[2020-03-28 21:31:11.560] [DISPLAY] [Admin] [titlemanager] Retrieved title: launcher
[2020-03-28 21:31:11.560] [DISPLAY] [Admin] [titlemanager] Retrieved title: rdr2
[2020-03-28 21:31:11.560] [DISPLAY] [Admin] [titlemanager] Retrieved title: lanoire
[2020-03-28 21:31:11.561] [DISPLAY] [Admin] [titlemanager] Title list updated.
[2020-03-28 21:31:11.561] [WARNING] [Admin] [title] No default branch for title gtasa
[2020-03-28 21:31:11.561] [WARNING] [Admin] [titlemanager] Title gtasa     : no branches!
[2020-03-28 21:31:11.561] [WARNING] [Admin] [title] No default branch for title gta5
[2020-03-28 21:31:11.561] [WARNING] [Admin] [titlemanager] Title gta5      : no branches!
[2020-03-28 21:31:11.562] [WARNING] [Admin] [title] No default branch for title rdr2
[2020-03-28 21:31:11.562] [WARNING] [Admin] [titlemanager] Title rdr2      : no branches!
[2020-03-28 21:31:11.562] [WARNING] [Admin] [title] No default branch for title lanoire
[2020-03-28 21:31:11.562] [WARNING] [Admin] [titlemanager] Title lanoire   : no branches!
[2020-03-28 21:31:11.562] [WARNING] [Admin] [title] No default branch for title bully
[2020-03-28 21:31:11.562] [WARNING] [Admin] [titlemanager] Title bully     : no branches!
[2020-03-28 21:31:11.563] [WARNING] [Admin] [title] No default branch for title mp3
[2020-03-28 21:31:11.563] [WARNING] [Admin] [titlemanager] Title mp3       : no branches!
[2020-03-28 21:31:11.563] [WARNING] [Admin] [title] No default branch for title gtavc
[2020-03-28 21:31:11.563] [WARNING] [Admin] [titlemanager] Title gtavc     : no branches!
[2020-03-28 21:31:11.563] [WARNING] [Admin] [title] No default branch for title gta3
[2020-03-28 21:31:11.563] [WARNING] [Admin] [titlemanager] Title gta3      : no branches!
[2020-03-28 21:31:11.563] [WARNING] [Admin] [title] No default branch for title gta4
[2020-03-28 21:31:11.564] [WARNING] [Admin] [titlemanager] Title gta4      : no branches!
[2020-03-28 21:31:11.564] [DISPLAY] [Admin] [titlemanager] Title launcher  : on branch "default"
[2020-03-28 21:31:11.566] [DISPLAY] [Admin] [external] Ready to attempt a launch.
[2020-03-28 21:31:11.567] [DISPLAY] [Admin] [external] Attempting Steam launch. User is 'Guntur'
[2020-03-28 21:31:18.496] [DISPLAY] [ 5328] [gamelaunch] Title has no minimum RGL version.
[2020-03-28 21:31:18.496] [DISPLAY] [ 5328] [gamelaunch] Title has no minimum RGL version.
[2020-03-28 21:31:24.456] [DISPLAY] [Main ] [cloudsaveop] Cloud Save sync requested for title 'gta5'
[2020-03-28 21:31:24.473] [DISPLAY] [Main ] [cloudsaveop] Starting cloud save enabled check for title 'gta5'
[2020-03-28 21:31:24.477] [DISPLAY] [Main ] [cloudsaveop] Received cloud saves enabled state for title 'gta5' = enabled
[2020-03-28 21:31:24.477] [DISPLAY] [Main ] [cloudsaveop] Identifying potential cloud save conflicts for title 'gta5'
[2020-03-28 21:31:27.935] [DISPLAY] [Main ] [cloudsaveop] Received modification list of cloud save files for title 'gta5'
[2020-03-28 21:31:27.935] [DISPLAY] [Main ] [cloudsaveop] Retrieving conflict metadata for title 'gta5'
[2020-03-28 21:31:27.952] [DISPLAY] [Main ] [cloudsaveop] Downloaded conflict metadata for title 'gta5'
[2020-03-28 21:31:27.952] [DISPLAY] [Main ] [cloudsaveop] Posting updated files for title 'gta5'
[2020-03-28 21:31:33.765] [DISPLAY] [Main ] [cloudsaveop] File uploading completed for title 'gta5'
[2020-03-28 21:31:33.766] [DISPLAY] [Main ] [cloudsaveop] Getting update files for title 'gta5'
[2020-03-28 21:31:33.782] [DISPLAY] [Main ] [cloudsaveop] File downloading completed for title 'gta5'
[2020-03-28 21:31:33.783] [DISPLAY] [Main ] [cloudsaveop] Deleting updated files for title 'gta5'
[2020-03-28 21:31:33.799] [DISPLAY] [Main ] [cloudsaveop] Files deletion completed for title 'gta5'
[2020-03-28 21:31:33.800] [DISPLAY] [Main ] [cloudsaveop] Swapping updated files in place for title 'gta5'
[2020-03-28 21:31:33.818] [DISPLAY] [Main ] [cloudsaveop] Finished syncing cloud saves for title 'gta5'
[2020-03-28 21:31:33.856] [DISPLAY] [ 6732] [audio] Valid Audio Device: true
[2020-03-28 21:31:36.635] [DISPLAY] [ 5328] [gamelaunch] Launching game...
[2020-03-28 21:31:36.635] [DISPLAY] [ 5328] [gamelaunch]  Path: C:\Program Files (x86)\Steam\steamapps\common\Grand Theft Auto V\GTA5.exe
[2020-03-28 21:31:36.636] [DISPLAY] [ 5328] [gamelaunch]  Command Line: "C:\Program Files (x86)\Steam\steamapps\common\Grand Theft Auto V\GTA5.exe" -skipPatcherCheck @args.txt @commandline.txt -useSteam
[2020-03-28 21:31:36.636] [DISPLAY] [ 5328] [gamelaunch]  Working Directory: C:\Program Files (x86)\Steam\steamapps\common\Grand Theft Auto V
[2020-03-28 21:35:08.076] [DISPLAY] [Main ] [sysinfo] Drive C:\ has 88737206272 bytes free, 240378703872 bytes total
[2020-03-28 21:35:08.077] [DISPLAY] [Main ] [sysinfo] Drive D:\ has 237805473792 bytes free, 239196958720 bytes total
[2020-03-28 21:35:08.077] [DISPLAY] [Main ] [sysinfo] OS Version: Major: 10 Minor: 0 Build: 10586 Service Pack: 
[2020-03-28 21:35:08.089] [DISPLAY] [Main ] [sysinfo] Drive C:\ has 88737206272 bytes free, 240378703872 bytes total
[2020-03-28 21:35:08.090] [DISPLAY] [Main ] [sysinfo] Drive D:\ has 237805473792 bytes free, 239196958720 bytes total
[2020-03-28 21:35:08.090] [DISPLAY] [Main ] [sysinfo] OS Version: Major: 10 Minor: 0 Build: 10586 Service Pack: 
